<?xml version="1.0" ?>
<testsuites disabled="0" errors="0" failures="0" tests="5" time="0.215232372283935546875">
	<testsuite disabled="0" errors="0" failures="0" name="ospf_health-ge0hplw5" skipped="0" tests="5" time="0.215232372283935546875">
		<testcase classname="tests/integration/targets/ospf_health/tasks/main.yaml:2" name="[54.190.208.146] ospf: ospf_health : Debug msg=START network.ospf health_check opeartion integration tests on connection={{ ansible_connection }}" time="0.09818029403686523">
			<system-out>{
    &quot;changed&quot;: false,
    &quot;msg&quot;: &quot;START network.ospf health_check opeartion integration tests on connection=ansible.netcommon.network_cli&quot;
}</system-out>
		</testcase>
		<testcase classname="tests/integration/targets/ospf_health/tasks/main.yaml:8" name="[54.190.208.146] ospf: Run network.ospf validated content with health_checks operation name=network.ospf.health_checks" time="0.010805845260620117">
			<system-out>{
    &quot;changed&quot;: false,
    &quot;include_args&quot;: {
        &quot;name&quot;: &quot;network.ospf.health_checks&quot;
    }
}</system-out>
		</testcase>
		<testcase classname="out-of-tree:main.yml:2" name="[54.190.208.146] ospf: network.ospf.health_checks : Include tasks _raw_params={{ operation.name }}.yaml" time="0.03247642517089844">
			<system-out>{
    &quot;changed&quot;: false,
    &quot;msg&quot;: &quot;All items completed&quot;,
    &quot;results&quot;: [
        {
            &quot;ansible_loop_var&quot;: &quot;operation&quot;,
            &quot;include&quot;: &quot;health_check.yaml&quot;,
            &quot;include_args&quot;: {},
            &quot;operation&quot;: {
                &quot;name&quot;: &quot;health_check&quot;,
                &quot;vars&quot;: {
                    &quot;checks&quot;: [
                        {
                            &quot;name&quot;: &quot;all_neighbors_up&quot;
                        },
                        {
                            &quot;ignore_errors&quot;: true,
                            &quot;name&quot;: &quot;all_neighbors_down&quot;
                        },
                        {
                            &quot;min_count&quot;: 1,
                            &quot;name&quot;: &quot;min_neighbors_up&quot;
                        }
                    ],
                    &quot;details&quot;: true
                }
            }
        }
    ]
}</system-out>
		</testcase>
		<testcase classname="out-of-tree:main.yml:2" name="[include] ospf: network.ospf.health_checks : Include tasks _raw_params={{ operation.name }}.yaml" time="0.04589343070983887">
			<system-out>/home/ruchi/workspace/collections/ansible_collections/network/ospf/roles/health_checks/tasks/health_check.yaml (args={} vars={'operation': {'name': 'health_check', 'vars': {'details': True, 'checks': [{'name': 'all_neighbors_up'}, {'name': 'all_neighbors_down', 'ignore_errors': True}, {'name': 'min_neighbors_up', 'min_count': 1}]}}, '_ansible_item_label': {'name': 'health_check', 'vars': {'details': True, 'checks': [{'name': 'all_neighbors_up'}, {'name': 'all_neighbors_down', 'ignore_errors': True}, {'name': 'min_neighbors_up', 'min_count': 1}]}}}): [54.190.208.146]</system-out>
		</testcase>
		<testcase classname="out-of-tree:health_check.yaml:2" name="[54.190.208.146] ospf: network.ospf.health_checks : Include tasks _raw_params=.{{ ansible_network_os.split('.')[2] }}.yaml" time="0.02787637710571289">
			<system-out>{
    &quot;changed&quot;: false,
    &quot;include&quot;: &quot;.nxos.yaml&quot;,
    &quot;include_args&quot;: {}
}</system-out>
		</testcase>
	</testsuite>
</testsuites>
