<?xml version="1.0" ?>
<testsuites disabled="0" errors="0" failures="0" tests="3" time="0.17512607574462890625">
	<testsuite disabled="0" errors="0" failures="0" name="ospf_health-wxelq6n8" skipped="0" tests="3" time="0.17512607574462890625">
		<testcase classname="tests/integration/targets/ospf_health/tasks/main.yaml:2" name="[54.190.208.146] ospf: ospf_health : Debug msg=START network.ospf health_check opeartion integration tests on connection={{ ansible_connection }}" time="0.11142683029174805">
			<system-out>{
    &quot;changed&quot;: false,
    &quot;msg&quot;: &quot;START network.ospf health_check opeartion integration tests on connection=ansible.netcommon.network_cli&quot;
}</system-out>
		</testcase>
		<testcase classname="tests/integration/targets/ospf_health/tasks/main.yaml:8" name="[54.190.208.146] ospf: Run network.ospf validated content with health_checks operation name=network.ospf.health_checks" time="0.0071942806243896484">
			<system-out>{
    &quot;changed&quot;: false,
    &quot;include_args&quot;: {
        &quot;name&quot;: &quot;network.ospf.health_checks&quot;
    }
}</system-out>
		</testcase>
		<testcase classname="out-of-tree:main.yml:2" name="[54.190.208.146] ospf: network.ospf.health_checks : Include tasks _raw_params=includes/{{ operation.name }}.yaml" time="0.05650496482849121">
			<system-out>{
    &quot;changed&quot;: false,
    &quot;msg&quot;: &quot;All items completed&quot;,
    &quot;results&quot;: [
        {
            &quot;ansible_loop_var&quot;: &quot;operation&quot;,
            &quot;include&quot;: &quot;includes/health_checks.yaml&quot;,
            &quot;include_args&quot;: {},
            &quot;operation&quot;: {
                &quot;name&quot;: &quot;health_checks&quot;,
                &quot;vars&quot;: {
                    &quot;checks&quot;: [
                        {
                            &quot;name&quot;: &quot;all_neighbors_up&quot;
                        },
                        {
                            &quot;ignore_errors&quot;: true,
                            &quot;name&quot;: &quot;all_neighbors_down&quot;
                        },
                        {
                            &quot;min_count&quot;: 1,
                            &quot;name&quot;: &quot;min_neighbors_up&quot;
                        }
                    ],
                    &quot;details&quot;: true
                }
            }
        }
    ]
}</system-out>
		</testcase>
	</testsuite>
</testsuites>
