<?xml version="1.0" ?>
<testsuites disabled="0" errors="0" failures="0" tests="59" time="7.77626705169677734375">
	<testsuite disabled="0" errors="0" failures="0" name="ospf_deploy-y2xqfg_a" skipped="12" tests="59" time="7.77626705169677734375">
		<testcase classname="tests/integration/targets/ospf_deploy/tasks/main.yaml:2" name="[54.190.208.146] ospf: ospf_deploy : Debug msg=START network.ospf deploy opeartion integration tests on connection={{ ansible_connection }}" time="0.08645963668823242">
			<system-out>{
    &quot;changed&quot;: false,
    &quot;msg&quot;: &quot;START network.ospf deploy opeartion integration tests on connection=ansible.netcommon.network_cli&quot;
}</system-out>
		</testcase>
		<testcase classname="tests/integration/targets/ospf_deploy/tasks/main.yaml:8" name="[54.190.208.146] ospf: ospf_deploy : Reset configuration _raw_params=_cleanup.yaml" time="0.009253501892089844">
			<system-out>{
    &quot;changed&quot;: false,
    &quot;include&quot;: &quot;_cleanup.yaml&quot;,
    &quot;include_args&quot;: {}
}</system-out>
		</testcase>
		<testcase classname="tests/integration/targets/ospf_deploy/tasks/main.yaml:8" name="[include] ospf: ospf_deploy : Reset configuration _raw_params=_cleanup.yaml" time="0.015755891799926758">
			<system-out>/home/ruchi/workspace/collections/ansible_collections/network/ospf/tests/output/.tmp/integration/ospf_deploy-7mhlh11j-ÅÑŚÌβŁÈ/tests/integration/targets/ospf_deploy/tasks/_cleanup.yaml (args={} vars={}): [54.190.208.146]</system-out>
		</testcase>
		<testcase classname="tests/integration/targets/ospf_deploy/tasks/_cleanup.yaml:2" name="[54.190.208.146] ospf: ospf_deploy : Clean persist operation output path=~/test_backup, state=absent" time="1.589416742324829">
			<system-out>{
    &quot;changed&quot;: false,
    &quot;invocation&quot;: {
        &quot;module_args&quot;: {
            &quot;_diff_peek&quot;: null,
            &quot;_original_basename&quot;: null,
            &quot;access_time&quot;: null,
            &quot;access_time_format&quot;: &quot;%Y%m%d%H%M.%S&quot;,
            &quot;attributes&quot;: null,
            &quot;follow&quot;: true,
            &quot;force&quot;: false,
            &quot;group&quot;: null,
            &quot;mode&quot;: null,
            &quot;modification_time&quot;: null,
            &quot;modification_time_format&quot;: &quot;%Y%m%d%H%M.%S&quot;,
            &quot;owner&quot;: null,
            &quot;path&quot;: &quot;/home/ruchi/test_backup&quot;,
            &quot;recurse&quot;: false,
            &quot;selevel&quot;: null,
            &quot;serole&quot;: null,
            &quot;setype&quot;: null,
            &quot;seuser&quot;: null,
            &quot;src&quot;: null,
            &quot;state&quot;: &quot;absent&quot;,
            &quot;unsafe_writes&quot;: false
        }
    },
    &quot;path&quot;: &quot;/home/ruchi/test_backup&quot;,
    &quot;state&quot;: &quot;absent&quot;
}</system-out>
		</testcase>
		<testcase classname="tests/integration/targets/ospf_deploy/tasks/main.yaml:11" name="[54.190.208.146] ospf: ospf_deploy : Set data data_store test_data_store={'local': '~/test_backup'}" time="0.08537817001342773">
			<system-out>{
    &quot;ansible_facts&quot;: {
        &quot;test_data_store&quot;: {
            &quot;local&quot;: &quot;~/test_backup&quot;
        }
    },
    &quot;changed&quot;: false
}</system-out>
		</testcase>
		<testcase classname="tests/integration/targets/ospf_deploy/tasks/main.yaml:16" name="[54.190.208.146] ospf: ospf_deploy : Set resources test_resources=['ospfv2', 'ospfv3', 'ospf_interfaces']" time="0.08451008796691895">
			<system-out>{
    &quot;ansible_facts&quot;: {
        &quot;test_resources&quot;: [
            &quot;ospfv2&quot;,
            &quot;ospfv3&quot;,
            &quot;ospf_interfaces&quot;
        ]
    },
    &quot;changed&quot;: false
}</system-out>
		</testcase>
		<testcase classname="tests/integration/targets/ospf_deploy/tasks/main.yaml:23" name="[54.190.208.146] ospf: Run network.ospf validated content with deploy operation name=network.ospf.deploy" time="0.00857400894165039">
			<system-out>{
    &quot;changed&quot;: false,
    &quot;include_args&quot;: {
        &quot;name&quot;: &quot;network.ospf.deploy&quot;
    }
}</system-out>
		</testcase>
		<testcase classname="out-of-tree:main.yaml:2" name="[54.190.208.146] ospf: network.ospf.deploy : Resolve target resources _raw_params=resources.yaml" time="0.009980440139770508">
			<system-out>{
    &quot;changed&quot;: false,
    &quot;include&quot;: &quot;resources.yaml&quot;,
    &quot;include_args&quot;: {}
}</system-out>
		</testcase>
		<testcase classname="out-of-tree:main.yaml:2" name="[include] ospf: network.ospf.deploy : Resolve target resources _raw_params=resources.yaml" time="0.019762039184570312">
			<system-out>/home/ruchi/workspace/collections/ansible_collections/network/ospf/roles/deploy/tasks/resources.yaml (args={} vars={}): [54.190.208.146]</system-out>
		</testcase>
		<testcase classname="out-of-tree:resources.yaml:2" name="[54.190.208.146] ospf: network.ospf.deploy : Set resources ospf_resources=['ospfv2', 'ospfv3', 'ospf_interfaces']" time="0.1342628002166748">
			<system-out>{
    &quot;ansible_facts&quot;: {
        &quot;ospf_resources&quot;: [
            &quot;ospfv2&quot;,
            &quot;ospfv3&quot;,
            &quot;ospf_interfaces&quot;
        ]
    },
    &quot;changed&quot;: false
}</system-out>
		</testcase>
		<testcase classname="out-of-tree:main.yaml:5" name="[54.190.208.146] ospf: Invoke deploy function name=network.base.resource_manager" time="0.01833796501159668">
			<system-out>{
    &quot;changed&quot;: false,
    &quot;include_args&quot;: {
        &quot;name&quot;: &quot;network.base.resource_manager&quot;
    }
}</system-out>
		</testcase>
		<testcase classname="out-of-tree:main.yaml:2" name="[54.190.208.146] ospf: network.base.resource_manager : Run the platform specific tasks _raw_params=./{{ operation }}.yaml" time="0.02993488311767578">
			<system-out>{
    &quot;changed&quot;: false,
    &quot;msg&quot;: &quot;All items completed&quot;,
    &quot;results&quot;: [
        {
            &quot;ansible_loop_var&quot;: &quot;item&quot;,
            &quot;include&quot;: &quot;./deploy.yaml&quot;,
            &quot;include_args&quot;: {},
            &quot;item&quot;: &quot;/home/ruchi/workspace/collections/ansible_collections/network/base/roles/resource_manager/tasks/deploy.yaml&quot;
        }
    ]
}</system-out>
		</testcase>
		<testcase classname="out-of-tree:main.yaml:2" name="[include] ospf: network.base.resource_manager : Run the platform specific tasks _raw_params=./{{ operation }}.yaml" time="0.04155230522155762">
			<system-out>/home/ruchi/workspace/collections/ansible_collections/network/base/roles/resource_manager/tasks/./deploy.yaml (args={} vars={'item': '/home/ruchi/workspace/collections/ansible_collections/network/base/roles/resource_manager/tasks/deploy.yaml', '_ansible_item_label': '/home/ruchi/workspace/collections/ansible_collections/network/base/roles/resource_manager/tasks/deploy.yaml'}): [54.190.208.146]</system-out>
		</testcase>
		<testcase classname="out-of-tree:deploy.yaml:2" name="[54.190.208.146] ospf: network.base.resource_manager : Include Deploy task _raw_params=includes/deploy.yaml" time="0.017566204071044922">
			<system-out>{
    &quot;changed&quot;: false,
    &quot;include&quot;: &quot;includes/deploy.yaml&quot;,
    &quot;include_args&quot;: {}
}</system-out>
		</testcase>
		<testcase classname="out-of-tree:deploy.yaml:2" name="[include] ospf: network.base.resource_manager : Include Deploy task _raw_params=includes/deploy.yaml" time="0.04983115196228027">
			<system-out>/home/ruchi/workspace/collections/ansible_collections/network/base/roles/resource_manager/includes/deploy.yaml (args={} vars={}): [54.190.208.146]</system-out>
		</testcase>
		<testcase classname="out-of-tree:deploy.yaml:2" name="[54.190.208.146] ospf: network.base.resource_manager : Resolve inventory _raw_params=includes/inventory.yaml" time="0.013326168060302734">
			<system-out>{
    &quot;changed&quot;: false,
    &quot;include&quot;: &quot;includes/inventory.yaml&quot;,
    &quot;include_args&quot;: {}
}</system-out>
		</testcase>
		<testcase classname="out-of-tree:deploy.yaml:2" name="[include] ospf: network.base.resource_manager : Resolve inventory _raw_params=includes/inventory.yaml" time="0.023192167282104492">
			<system-out>/home/ruchi/workspace/collections/ansible_collections/network/base/roles/resource_manager/includes/inventory.yaml (args={} vars={}): [54.190.208.146]</system-out>
		</testcase>
		<testcase classname="out-of-tree:inventory.yaml:2" name="[54.190.208.146] ospf: network.base.resource_manager : Set default host vars path resource_manager_inventory_directory=." time="0.04898190498352051">
			<skipped>Conditional result was False</skipped>
		</testcase>
		<testcase classname="out-of-tree:inventory.yaml:7" name="[54.190.208.146] ospf: network.base.resource_manager : Set default host vars path resource_manager_inventory_directory={{ data_store['local'] }}" time="0.10388588905334473">
			<system-out>{
    &quot;ansible_facts&quot;: {
        &quot;resource_manager_inventory_directory&quot;: &quot;~/test_backup&quot;
    },
    &quot;changed&quot;: false
}</system-out>
		</testcase>
		<testcase classname="out-of-tree:inventory.yaml:12" name="[54.190.208.146] ospf: network.base.resource_manager : Set default path resource_manager_inventory_path={{ resource_manager_repository['path'] }}" time="0.03218984603881836">
			<skipped>Conditional result was False</skipped>
		</testcase>
		<testcase classname="out-of-tree:inventory.yaml:17" name="[54.190.208.146] ospf: network.base.resource_manager : Set default path resource_manager_inventory_path={{ resource_manager_inventory_directory }}" time="0.13223958015441895">
			<system-out>{
    &quot;ansible_facts&quot;: {
        &quot;resource_manager_inventory_path&quot;: &quot;~/test_backup&quot;
    },
    &quot;changed&quot;: false
}</system-out>
		</testcase>
		<testcase classname="out-of-tree:deploy.yaml:5" name="[54.190.208.146] ospf: network.base.resource_manager : Retrieve a repository from a distant location and make it available locally _raw_params=includes/retrieve.yaml" time="0.04187631607055664">
			<skipped>Conditional result was False</skipped>
		</testcase>
		<testcase classname="out-of-tree:deploy.yaml:9" name="[54.190.208.146] ospf: network.base.resource_manager : Include file write task _raw_params=includes/inventory.yaml" time="0.021022796630859375">
			<system-out>{
    &quot;changed&quot;: false,
    &quot;include&quot;: &quot;includes/inventory.yaml&quot;,
    &quot;include_args&quot;: {}
}</system-out>
		</testcase>
		<testcase classname="out-of-tree:deploy.yaml:9" name="[include] ospf: network.base.resource_manager : Include file write task _raw_params=includes/inventory.yaml" time="0.03624534606933594">
			<system-out>/home/ruchi/workspace/collections/ansible_collections/network/base/roles/resource_manager/includes/inventory.yaml (args={} vars={}): [54.190.208.146]</system-out>
		</testcase>
		<testcase classname="out-of-tree:inventory.yaml:2" name="[54.190.208.146] ospf: network.base.resource_manager : Set default host vars path resource_manager_inventory_directory=." time="0.03206157684326172">
			<skipped>Conditional result was False</skipped>
		</testcase>
		<testcase classname="out-of-tree:inventory.yaml:7" name="[54.190.208.146] ospf: network.base.resource_manager : Set default host vars path resource_manager_inventory_directory={{ data_store['local'] }}" time="0.10185480117797852">
			<system-out>{
    &quot;ansible_facts&quot;: {
        &quot;resource_manager_inventory_directory&quot;: &quot;~/test_backup&quot;
    },
    &quot;changed&quot;: false
}</system-out>
		</testcase>
		<testcase classname="out-of-tree:inventory.yaml:12" name="[54.190.208.146] ospf: network.base.resource_manager : Set default path resource_manager_inventory_path={{ resource_manager_repository['path'] }}" time="0.020259380340576172">
			<skipped>Conditional result was False</skipped>
		</testcase>
		<testcase classname="out-of-tree:inventory.yaml:17" name="[54.190.208.146] ospf: network.base.resource_manager : Set default path resource_manager_inventory_path={{ resource_manager_inventory_directory }}" time="0.1101233959197998">
			<system-out>{
    &quot;ansible_facts&quot;: {
        &quot;resource_manager_inventory_path&quot;: &quot;~/test_backup&quot;
    },
    &quot;changed&quot;: false
}</system-out>
		</testcase>
		<testcase classname="out-of-tree:deploy.yaml:12" name="[54.190.208.146] ospf: network.base.resource_manager : Get list of files paths={{ resource_manager_inventory_path }}/host_vars/{{ inventory_hostname }}, recurse=False, patterns=*.yaml, file_type=file" time="1.2513704299926758">
			<system-out>{
    &quot;changed&quot;: false,
    &quot;examined&quot;: 0,
    &quot;files&quot;: [],
    &quot;invocation&quot;: {
        &quot;module_args&quot;: {
            &quot;age&quot;: null,
            &quot;age_stamp&quot;: &quot;mtime&quot;,
            &quot;contains&quot;: null,
            &quot;depth&quot;: null,
            &quot;exact_mode&quot;: true,
            &quot;excludes&quot;: null,
            &quot;file_type&quot;: &quot;file&quot;,
            &quot;follow&quot;: false,
            &quot;get_checksum&quot;: false,
            &quot;hidden&quot;: false,
            &quot;mode&quot;: null,
            &quot;paths&quot;: [
                &quot;~/test_backup/host_vars/54.190.208.146&quot;
            ],
            &quot;patterns&quot;: [
                &quot;*.yaml&quot;
            ],
            &quot;read_whole_file&quot;: false,
            &quot;recurse&quot;: false,
            &quot;size&quot;: null,
            &quot;use_regex&quot;: false
        }
    },
    &quot;matched&quot;: 0,
    &quot;msg&quot;: &quot;Not all paths examined, check warnings for details&quot;,
    &quot;skipped_paths&quot;: {
        &quot;/home/ruchi/test_backup/host_vars/54.190.208.146&quot;: &quot;'/home/ruchi/test_backup/host_vars/54.190.208.146' is not a directory&quot;
    },
    &quot;warnings&quot;: [
        &quot;Skipped '/home/ruchi/test_backup/host_vars/54.190.208.146' path due to this access issue: '/home/ruchi/test_backup/host_vars/54.190.208.146' is not a directory\n&quot;
    ]
}</system-out>
		</testcase>
		<testcase classname="out-of-tree:deploy.yaml:20" name="[54.190.208.146] ospf: network.base.resource_manager : Include configure task _raw_params=includes/configure.yaml" time="0.018824338912963867">
			<skipped>skipped</skipped>
		</testcase>
		<testcase classname="tests/integration/targets/ospf_deploy/tasks/main.yaml:31" name="[54.190.208.146] ospf: Run network.ospf validated content with deploy operation name=network.ospf.deploy" time="0.03046727180480957">
			<system-out>{
    &quot;changed&quot;: false,
    &quot;include_args&quot;: {
        &quot;name&quot;: &quot;network.ospf.deploy&quot;
    }
}</system-out>
		</testcase>
		<testcase classname="out-of-tree:main.yaml:2" name="[54.190.208.146] ospf: network.ospf.deploy : Resolve target resources _raw_params=resources.yaml" time="0.016520977020263672">
			<system-out>{
    &quot;changed&quot;: false,
    &quot;include&quot;: &quot;resources.yaml&quot;,
    &quot;include_args&quot;: {}
}</system-out>
		</testcase>
		<testcase classname="out-of-tree:main.yaml:2" name="[include] ospf: network.ospf.deploy : Resolve target resources _raw_params=resources.yaml" time="0.025784969329833984">
			<system-out>/home/ruchi/workspace/collections/ansible_collections/network/ospf/roles/deploy/tasks/resources.yaml (args={} vars={}): [54.190.208.146]</system-out>
		</testcase>
		<testcase classname="out-of-tree:resources.yaml:2" name="[54.190.208.146] ospf: network.ospf.deploy : Set resources ospf_resources=['ospfv2', 'ospfv3', 'ospf_interfaces']" time="0.09688425064086914">
			<system-out>{
    &quot;ansible_facts&quot;: {
        &quot;ospf_resources&quot;: [
            &quot;ospfv2&quot;,
            &quot;ospfv3&quot;,
            &quot;ospf_interfaces&quot;
        ]
    },
    &quot;changed&quot;: false
}</system-out>
		</testcase>
		<testcase classname="out-of-tree:main.yaml:5" name="[54.190.208.146] ospf: Invoke deploy function name=network.base.resource_manager" time="0.024198293685913086">
			<system-out>{
    &quot;changed&quot;: false,
    &quot;include_args&quot;: {
        &quot;name&quot;: &quot;network.base.resource_manager&quot;
    }
}</system-out>
		</testcase>
		<testcase classname="out-of-tree:main.yaml:2" name="[54.190.208.146] ospf: network.base.resource_manager : Run the platform specific tasks _raw_params=./{{ operation }}.yaml" time="0.03547096252441406">
			<system-out>{
    &quot;changed&quot;: false,
    &quot;msg&quot;: &quot;All items completed&quot;,
    &quot;results&quot;: [
        {
            &quot;ansible_loop_var&quot;: &quot;item&quot;,
            &quot;include&quot;: &quot;./deploy.yaml&quot;,
            &quot;include_args&quot;: {},
            &quot;item&quot;: &quot;/home/ruchi/workspace/collections/ansible_collections/network/base/roles/resource_manager/tasks/deploy.yaml&quot;
        }
    ]
}</system-out>
		</testcase>
		<testcase classname="out-of-tree:main.yaml:2" name="[include] ospf: network.base.resource_manager : Run the platform specific tasks _raw_params=./{{ operation }}.yaml" time="0.04432868957519531">
			<system-out>/home/ruchi/workspace/collections/ansible_collections/network/base/roles/resource_manager/tasks/./deploy.yaml (args={} vars={'item': '/home/ruchi/workspace/collections/ansible_collections/network/base/roles/resource_manager/tasks/deploy.yaml', '_ansible_item_label': '/home/ruchi/workspace/collections/ansible_collections/network/base/roles/resource_manager/tasks/deploy.yaml'}): [54.190.208.146]</system-out>
		</testcase>
		<testcase classname="out-of-tree:deploy.yaml:2" name="[54.190.208.146] ospf: network.base.resource_manager : Include Deploy task _raw_params=includes/deploy.yaml" time="0.014071941375732422">
			<system-out>{
    &quot;changed&quot;: false,
    &quot;include&quot;: &quot;includes/deploy.yaml&quot;,
    &quot;include_args&quot;: {}
}</system-out>
		</testcase>
		<testcase classname="out-of-tree:deploy.yaml:2" name="[include] ospf: network.base.resource_manager : Include Deploy task _raw_params=includes/deploy.yaml" time="0.03412055969238281">
			<system-out>/home/ruchi/workspace/collections/ansible_collections/network/base/roles/resource_manager/includes/deploy.yaml (args={} vars={}): [54.190.208.146]</system-out>
		</testcase>
		<testcase classname="out-of-tree:deploy.yaml:2" name="[54.190.208.146] ospf: network.base.resource_manager : Resolve inventory _raw_params=includes/inventory.yaml" time="0.028753995895385742">
			<system-out>{
    &quot;changed&quot;: false,
    &quot;include&quot;: &quot;includes/inventory.yaml&quot;,
    &quot;include_args&quot;: {}
}</system-out>
		</testcase>
		<testcase classname="out-of-tree:deploy.yaml:2" name="[include] ospf: network.base.resource_manager : Resolve inventory _raw_params=includes/inventory.yaml" time="0.042104244232177734">
			<system-out>/home/ruchi/workspace/collections/ansible_collections/network/base/roles/resource_manager/includes/inventory.yaml (args={} vars={}): [54.190.208.146]</system-out>
		</testcase>
		<testcase classname="out-of-tree:inventory.yaml:2" name="[54.190.208.146] ospf: network.base.resource_manager : Set default host vars path resource_manager_inventory_directory=." time="0.03215384483337402">
			<skipped>Conditional result was False</skipped>
		</testcase>
		<testcase classname="out-of-tree:inventory.yaml:7" name="[54.190.208.146] ospf: network.base.resource_manager : Set default host vars path resource_manager_inventory_directory={{ data_store['local'] }}" time="0.12981438636779785">
			<system-out>{
    &quot;ansible_facts&quot;: {
        &quot;resource_manager_inventory_directory&quot;: &quot;~/test_backup&quot;
    },
    &quot;changed&quot;: false
}</system-out>
		</testcase>
		<testcase classname="out-of-tree:inventory.yaml:12" name="[54.190.208.146] ospf: network.base.resource_manager : Set default path resource_manager_inventory_path={{ resource_manager_repository['path'] }}" time="0.03374218940734863">
			<skipped>Conditional result was False</skipped>
		</testcase>
		<testcase classname="out-of-tree:inventory.yaml:17" name="[54.190.208.146] ospf: network.base.resource_manager : Set default path resource_manager_inventory_path={{ resource_manager_inventory_directory }}" time="0.10444283485412598">
			<system-out>{
    &quot;ansible_facts&quot;: {
        &quot;resource_manager_inventory_path&quot;: &quot;~/test_backup&quot;
    },
    &quot;changed&quot;: false
}</system-out>
		</testcase>
		<testcase classname="out-of-tree:deploy.yaml:5" name="[54.190.208.146] ospf: network.base.resource_manager : Retrieve a repository from a distant location and make it available locally _raw_params=includes/retrieve.yaml" time="0.027982711791992188">
			<skipped>Conditional result was False</skipped>
		</testcase>
		<testcase classname="out-of-tree:deploy.yaml:9" name="[54.190.208.146] ospf: network.base.resource_manager : Include file write task _raw_params=includes/inventory.yaml" time="0.013348817825317383">
			<system-out>{
    &quot;changed&quot;: false,
    &quot;include&quot;: &quot;includes/inventory.yaml&quot;,
    &quot;include_args&quot;: {}
}</system-out>
		</testcase>
		<testcase classname="out-of-tree:deploy.yaml:9" name="[include] ospf: network.base.resource_manager : Include file write task _raw_params=includes/inventory.yaml" time="0.020565271377563477">
			<system-out>/home/ruchi/workspace/collections/ansible_collections/network/base/roles/resource_manager/includes/inventory.yaml (args={} vars={}): [54.190.208.146]</system-out>
		</testcase>
		<testcase classname="out-of-tree:inventory.yaml:2" name="[54.190.208.146] ospf: network.base.resource_manager : Set default host vars path resource_manager_inventory_directory=." time="0.04118156433105469">
			<skipped>Conditional result was False</skipped>
		</testcase>
		<testcase classname="out-of-tree:inventory.yaml:7" name="[54.190.208.146] ospf: network.base.resource_manager : Set default host vars path resource_manager_inventory_directory={{ data_store['local'] }}" time="0.10543370246887207">
			<system-out>{
    &quot;ansible_facts&quot;: {
        &quot;resource_manager_inventory_directory&quot;: &quot;~/test_backup&quot;
    },
    &quot;changed&quot;: false
}</system-out>
		</testcase>
		<testcase classname="out-of-tree:inventory.yaml:12" name="[54.190.208.146] ospf: network.base.resource_manager : Set default path resource_manager_inventory_path={{ resource_manager_repository['path'] }}" time="0.026444673538208008">
			<skipped>Conditional result was False</skipped>
		</testcase>
		<testcase classname="out-of-tree:inventory.yaml:17" name="[54.190.208.146] ospf: network.base.resource_manager : Set default path resource_manager_inventory_path={{ resource_manager_inventory_directory }}" time="0.11011838912963867">
			<system-out>{
    &quot;ansible_facts&quot;: {
        &quot;resource_manager_inventory_path&quot;: &quot;~/test_backup&quot;
    },
    &quot;changed&quot;: false
}</system-out>
		</testcase>
		<testcase classname="out-of-tree:deploy.yaml:12" name="[54.190.208.146] ospf: network.base.resource_manager : Get list of files paths={{ resource_manager_inventory_path }}/host_vars/{{ inventory_hostname }}, recurse=False, patterns=*.yaml, file_type=file" time="1.0717284679412842">
			<system-out>{
    &quot;changed&quot;: false,
    &quot;examined&quot;: 0,
    &quot;files&quot;: [],
    &quot;invocation&quot;: {
        &quot;module_args&quot;: {
            &quot;age&quot;: null,
            &quot;age_stamp&quot;: &quot;mtime&quot;,
            &quot;contains&quot;: null,
            &quot;depth&quot;: null,
            &quot;exact_mode&quot;: true,
            &quot;excludes&quot;: null,
            &quot;file_type&quot;: &quot;file&quot;,
            &quot;follow&quot;: false,
            &quot;get_checksum&quot;: false,
            &quot;hidden&quot;: false,
            &quot;mode&quot;: null,
            &quot;paths&quot;: [
                &quot;~/test_backup/host_vars/54.190.208.146&quot;
            ],
            &quot;patterns&quot;: [
                &quot;*.yaml&quot;
            ],
            &quot;read_whole_file&quot;: false,
            &quot;recurse&quot;: false,
            &quot;size&quot;: null,
            &quot;use_regex&quot;: false
        }
    },
    &quot;matched&quot;: 0,
    &quot;msg&quot;: &quot;Not all paths examined, check warnings for details&quot;,
    &quot;skipped_paths&quot;: {
        &quot;/home/ruchi/test_backup/host_vars/54.190.208.146&quot;: &quot;'/home/ruchi/test_backup/host_vars/54.190.208.146' is not a directory&quot;
    },
    &quot;warnings&quot;: [
        &quot;Skipped '/home/ruchi/test_backup/host_vars/54.190.208.146' path due to this access issue: '/home/ruchi/test_backup/host_vars/54.190.208.146' is not a directory\n&quot;
    ]
}</system-out>
		</testcase>
		<testcase classname="out-of-tree:deploy.yaml:20" name="[54.190.208.146] ospf: network.base.resource_manager : Include configure task _raw_params=includes/configure.yaml" time="0.0099945068359375">
			<skipped>skipped</skipped>
		</testcase>
		<testcase classname="tests/integration/targets/ospf_deploy/tasks/main.yaml:40" name="[54.190.208.146] ospf: ospf_deploy : Assert that gresult that=['ospf_result.changed == false']" time="0.15318870544433594">
			<system-out>{
    &quot;changed&quot;: false,
    &quot;msg&quot;: &quot;All assertions passed&quot;
}</system-out>
		</testcase>
		<testcase classname="tests/integration/targets/ospf_deploy/tasks/main.yaml:46" name="[54.190.208.146] ospf: ospf_deploy : Reset configuration _raw_params=_cleanup.yaml" time="0.01458430290222168">
			<system-out>{
    &quot;changed&quot;: false,
    &quot;include&quot;: &quot;_cleanup.yaml&quot;,
    &quot;include_args&quot;: {}
}</system-out>
		</testcase>
		<testcase classname="tests/integration/targets/ospf_deploy/tasks/main.yaml:46" name="[include] ospf: ospf_deploy : Reset configuration _raw_params=_cleanup.yaml" time="0.02430129051208496">
			<system-out>/home/ruchi/workspace/collections/ansible_collections/network/ospf/tests/output/.tmp/integration/ospf_deploy-7mhlh11j-ÅÑŚÌβŁÈ/tests/integration/targets/ospf_deploy/tasks/_cleanup.yaml (args={} vars={}): [54.190.208.146]</system-out>
		</testcase>
		<testcase classname="tests/integration/targets/ospf_deploy/tasks/_cleanup.yaml:2" name="[54.190.208.146] ospf: ospf_deploy : Clean persist operation output path=~/test_backup, state=absent" time="1.1873886585235596">
			<system-out>{
    &quot;changed&quot;: false,
    &quot;invocation&quot;: {
        &quot;module_args&quot;: {
            &quot;_diff_peek&quot;: null,
            &quot;_original_basename&quot;: null,
            &quot;access_time&quot;: null,
            &quot;access_time_format&quot;: &quot;%Y%m%d%H%M.%S&quot;,
            &quot;attributes&quot;: null,
            &quot;follow&quot;: true,
            &quot;force&quot;: false,
            &quot;group&quot;: null,
            &quot;mode&quot;: null,
            &quot;modification_time&quot;: null,
            &quot;modification_time_format&quot;: &quot;%Y%m%d%H%M.%S&quot;,
            &quot;owner&quot;: null,
            &quot;path&quot;: &quot;/home/ruchi/test_backup&quot;,
            &quot;recurse&quot;: false,
            &quot;selevel&quot;: null,
            &quot;serole&quot;: null,
            &quot;setype&quot;: null,
            &quot;seuser&quot;: null,
            &quot;src&quot;: null,
            &quot;state&quot;: &quot;absent&quot;,
            &quot;unsafe_writes&quot;: false
        }
    },
    &quot;path&quot;: &quot;/home/ruchi/test_backup&quot;,
    &quot;state&quot;: &quot;absent&quot;
}</system-out>
		</testcase>
		<testcase classname="tests/integration/targets/ospf_deploy/tasks/main.yaml:49" name="[54.190.208.146] ospf: ospf_deploy : Debug msg=END network.ospf deploy operation integration tests on connection={{ ansible_connection }}" time="0.08911681175231934">
			<system-out>{
    &quot;changed&quot;: false,
    &quot;msg&quot;: &quot;END network.ospf deploy operation integration tests on connection=ansible.netcommon.network_cli&quot;
}</system-out>
		</testcase>
	</testsuite>
</testsuites>
