<?xml version="1.0" ?>
<testsuites disabled="0" errors="0" failures="1" tests="8" time="6.875081539154052734375">
	<testsuite disabled="0" errors="0" failures="1" name="ospf_health-2dil2km7" skipped="0" tests="8" time="6.875081539154052734375">
		<testcase classname="tests/integration/targets/ospf_health/tasks/main.yaml:2" name="[54.190.208.146] ospf: ospf_health : Debug msg=START network.ospf health_check opeartion integration tests on connection={{ ansible_connection }}" time="0.10712981224060059">
			<system-out>{
    &quot;changed&quot;: false,
    &quot;msg&quot;: &quot;START network.ospf health_check opeartion integration tests on connection=ansible.netcommon.network_cli&quot;
}</system-out>
		</testcase>
		<testcase classname="tests/integration/targets/ospf_health/tasks/main.yaml:8" name="[54.190.208.146] ospf: Run network.ospf validated content with health_checks operation name=network.ospf.health_checks" time="0.013071298599243164">
			<system-out>{
    &quot;changed&quot;: false,
    &quot;include_args&quot;: {
        &quot;name&quot;: &quot;network.ospf.health_checks&quot;
    }
}</system-out>
		</testcase>
		<testcase classname="out-of-tree:main.yml:2" name="[54.190.208.146] ospf: network.ospf.health_checks : Include tasks _raw_params={{ operation.name }}.yaml" time="0.023946523666381836">
			<system-out>{
    &quot;changed&quot;: false,
    &quot;msg&quot;: &quot;All items completed&quot;,
    &quot;results&quot;: [
        {
            &quot;ansible_loop_var&quot;: &quot;operation&quot;,
            &quot;include&quot;: &quot;health_check.yaml&quot;,
            &quot;include_args&quot;: {},
            &quot;operation&quot;: {
                &quot;name&quot;: &quot;health_check&quot;,
                &quot;vars&quot;: {
                    &quot;checks&quot;: [
                        {
                            &quot;name&quot;: &quot;all_neighbors_up&quot;
                        },
                        {
                            &quot;ignore_errors&quot;: true,
                            &quot;name&quot;: &quot;all_neighbors_down&quot;
                        },
                        {
                            &quot;min_count&quot;: 1,
                            &quot;name&quot;: &quot;min_neighbors_up&quot;
                        }
                    ],
                    &quot;details&quot;: true
                }
            }
        }
    ]
}</system-out>
		</testcase>
		<testcase classname="out-of-tree:main.yml:2" name="[include] ospf: network.ospf.health_checks : Include tasks _raw_params={{ operation.name }}.yaml" time="0.04385018348693848">
			<system-out>/home/ruchi/workspace/collections/ansible_collections/network/ospf/roles/health_checks/tasks/health_check.yaml (args={} vars={'operation': {'name': 'health_check', 'vars': {'details': True, 'checks': [{'name': 'all_neighbors_up'}, {'name': 'all_neighbors_down', 'ignore_errors': True}, {'name': 'min_neighbors_up', 'min_count': 1}]}}, '_ansible_item_label': {'name': 'health_check', 'vars': {'details': True, 'checks': [{'name': 'all_neighbors_up'}, {'name': 'all_neighbors_down', 'ignore_errors': True}, {'name': 'min_neighbors_up', 'min_count': 1}]}}}): [54.190.208.146]</system-out>
		</testcase>
		<testcase classname="out-of-tree:health_check.yaml:2" name="[54.190.208.146] ospf: network.ospf.health_checks : Include tasks _raw_params={{ ansible_network_os.split('.')[2] }}.yaml" time="0.0218353271484375">
			<system-out>{
    &quot;changed&quot;: false,
    &quot;include&quot;: &quot;nxos.yaml&quot;,
    &quot;include_args&quot;: {}
}</system-out>
		</testcase>
		<testcase classname="out-of-tree:health_check.yaml:2" name="[include] ospf: network.ospf.health_checks : Include tasks _raw_params={{ ansible_network_os.split('.')[2] }}.yaml" time="0.052438974380493164">
			<system-out>/home/ruchi/workspace/collections/ansible_collections/network/ospf/roles/health_checks/tasks/nxos.yaml (args={} vars={}): [54.190.208.146]</system-out>
		</testcase>
		<testcase classname="out-of-tree:nxos.yaml:2" name="[54.190.208.146] ospf: network.ospf.health_checks : Parse ospf summary command=show ip ospf neighbor, parser={'name': 'ansible.netcommon.content_templates'}, set_fact=ospfv4_health" time="5.529742956161499">
			<system-out>{
    &quot;ansible_facts&quot;: {
        &quot;ospfv4_health&quot;: {}
    },
    &quot;changed&quot;: false,
    &quot;parsed&quot;: {},
    &quot;stdout&quot;: &quot;Note:  process currently not running&quot;,
    &quot;stdout_lines&quot;: [
        &quot;Note:  process currently not running&quot;
    ]
}</system-out>
		</testcase>
		<testcase classname="out-of-tree:nxos.yaml:9" name="[54.190.208.146] ospf: network.ospf.health_checks : Parse ospf3 summary command=show ipv6 ospfv3 neighbor, parser={'name': 'ansible.netcommon.content_templates'}, set_fact=ospfv6_health" time="1.083066463470459">
			<failure message="[&quot;show ipv6 ospfv3 neighbor\r\r\n                ^\r\n% Invalid command at '^' marker.\r\n\rnxos# &quot;]" type="failure">{
    &quot;changed&quot;: false,
    &quot;msg&quot;: [
        &quot;show ipv6 ospfv3 neighbor\r\r\n                ^\r\n% Invalid command at '^' marker.\r\n\rnxos# &quot;
    ]
}</failure>
		</testcase>
	</testsuite>
</testsuites>
