<?xml version="1.0" ?>
<testsuites disabled="0" errors="0" failures="0" tests="2" time="0.0983746051788330078125">
	<testsuite disabled="0" errors="0" failures="0" name="ospf_health-6bfnv7vm" skipped="0" tests="2" time="0.0983746051788330078125">
		<testcase classname="tests/integration/targets/ospf_health/tasks/main.yaml:2" name="[54.190.208.146] ospf: ospf_health : Debug msg=START network.ospf health_check opeartion integration tests on connection={{ ansible_connection }}" time="0.08477592468261719">
			<system-out>{
    &quot;changed&quot;: false,
    &quot;msg&quot;: &quot;START network.ospf health_check opeartion integration tests on connection=ansible.netcommon.network_cli&quot;
}</system-out>
		</testcase>
		<testcase classname="tests/integration/targets/ospf_health/tasks/main.yaml:8" name="[54.190.208.146] ospf: Run network.ospf validated content with health_checks operation name=network.ospf.health_checks" time="0.01359868049621582">
			<system-out>{
    &quot;changed&quot;: false,
    &quot;include_args&quot;: {
        &quot;name&quot;: &quot;network.ospf.health_checks&quot;
    }
}</system-out>
		</testcase>
	</testsuite>
</testsuites>
