<?xml version="1.0" ?>
<testsuites disabled="0" errors="0" failures="0" tests="95" time="34.6112778186798095703125">
	<testsuite disabled="0" errors="0" failures="0" name="ospf_persist-n9_heza4" skipped="21" tests="95" time="34.6112778186798095703125">
		<testcase classname="tests/integration/targets/ospf_persist/tasks/main.yaml:2" name="[54.190.208.146] ospf: ospf_persist : Debug msg=START network.ospf persist opeartion integration tests on connection={{ ansible_connection }}" time="0.15380549430847168">
			<system-out>{
    &quot;changed&quot;: false,
    &quot;msg&quot;: &quot;START network.ospf persist opeartion integration tests on connection=ansible.netcommon.network_cli&quot;
}</system-out>
		</testcase>
		<testcase classname="tests/integration/targets/ospf_persist/tasks/main.yaml:8" name="[54.190.208.146] ospf: ospf_persist : Reset configuration _raw_params=_cleanup.yaml" time="0.008890390396118164">
			<system-out>{
    &quot;changed&quot;: false,
    &quot;include&quot;: &quot;_cleanup.yaml&quot;,
    &quot;include_args&quot;: {}
}</system-out>
		</testcase>
		<testcase classname="tests/integration/targets/ospf_persist/tasks/main.yaml:8" name="[include] ospf: ospf_persist : Reset configuration _raw_params=_cleanup.yaml" time="0.01392221450805664">
			<system-out>/home/ruchi/workspace/collections/ansible_collections/network/ospf/tests/output/.tmp/integration/ospf_persist-rzzbgshv-ÅÑŚÌβŁÈ/tests/integration/targets/ospf_persist/tasks/_cleanup.yaml (args={} vars={}): [54.190.208.146]</system-out>
		</testcase>
		<testcase classname="tests/integration/targets/ospf_persist/tasks/_cleanup.yaml:2" name="[54.190.208.146] ospf: ospf_persist : Clean persist operation output path=~/test_backup, state=absent" time="1.373551368713379">
			<system-out>{
    &quot;changed&quot;: false,
    &quot;invocation&quot;: {
        &quot;module_args&quot;: {
            &quot;_diff_peek&quot;: null,
            &quot;_original_basename&quot;: null,
            &quot;access_time&quot;: null,
            &quot;access_time_format&quot;: &quot;%Y%m%d%H%M.%S&quot;,
            &quot;attributes&quot;: null,
            &quot;follow&quot;: true,
            &quot;force&quot;: false,
            &quot;group&quot;: null,
            &quot;mode&quot;: null,
            &quot;modification_time&quot;: null,
            &quot;modification_time_format&quot;: &quot;%Y%m%d%H%M.%S&quot;,
            &quot;owner&quot;: null,
            &quot;path&quot;: &quot;/home/ruchi/test_backup&quot;,
            &quot;recurse&quot;: false,
            &quot;selevel&quot;: null,
            &quot;serole&quot;: null,
            &quot;setype&quot;: null,
            &quot;seuser&quot;: null,
            &quot;src&quot;: null,
            &quot;state&quot;: &quot;absent&quot;,
            &quot;unsafe_writes&quot;: false
        }
    },
    &quot;path&quot;: &quot;/home/ruchi/test_backup&quot;,
    &quot;state&quot;: &quot;absent&quot;
}</system-out>
		</testcase>
		<testcase classname="tests/integration/targets/ospf_persist/tasks/main.yaml:11" name="[54.190.208.146] ospf: ospf_persist : Set resources test_resources=['ospfv2', 'ospfv3', 'ospf_interfaces']" time="0.0799860954284668">
			<system-out>{
    &quot;ansible_facts&quot;: {
        &quot;test_resources&quot;: [
            &quot;ospfv2&quot;,
            &quot;ospfv3&quot;,
            &quot;ospf_interfaces&quot;
        ]
    },
    &quot;changed&quot;: false
}</system-out>
		</testcase>
		<testcase classname="tests/integration/targets/ospf_persist/tasks/main.yaml:18" name="[54.190.208.146] ospf: ospf_persist : Set data data_store test_data_store={'local': '~/test_backup'}" time="0.07205629348754883">
			<system-out>{
    &quot;ansible_facts&quot;: {
        &quot;test_data_store&quot;: {
            &quot;local&quot;: &quot;~/test_backup&quot;
        }
    },
    &quot;changed&quot;: false
}</system-out>
		</testcase>
		<testcase classname="tests/integration/targets/ospf_persist/tasks/main.yaml:23" name="[54.190.208.146] ospf: Run network.ospf validated content with persist operation name=network.ospf.persist" time="0.009961605072021484">
			<system-out>{
    &quot;changed&quot;: false,
    &quot;include_args&quot;: {
        &quot;name&quot;: &quot;network.ospf.persist&quot;
    }
}</system-out>
		</testcase>
		<testcase classname="out-of-tree:main.yaml:2" name="[54.190.208.146] ospf: Invoke gather function name=network.base.resource_manager" time="0.014334678649902344">
			<system-out>{
    &quot;changed&quot;: false,
    &quot;include_args&quot;: {
        &quot;name&quot;: &quot;network.base.resource_manager&quot;
    }
}</system-out>
		</testcase>
		<testcase classname="out-of-tree:main.yaml:2" name="[54.190.208.146] ospf: network.base.resource_manager : Run the platform specific tasks _raw_params=./{{ operation }}.yaml" time="0.02975630760192871">
			<system-out>{
    &quot;changed&quot;: false,
    &quot;msg&quot;: &quot;All items completed&quot;,
    &quot;results&quot;: [
        {
            &quot;ansible_loop_var&quot;: &quot;item&quot;,
            &quot;include&quot;: &quot;./persist.yaml&quot;,
            &quot;include_args&quot;: {},
            &quot;item&quot;: &quot;/home/ruchi/workspace/collections/ansible_collections/network/base/roles/resource_manager/tasks/persist.yaml&quot;
        }
    ]
}</system-out>
		</testcase>
		<testcase classname="out-of-tree:main.yaml:2" name="[include] ospf: network.base.resource_manager : Run the platform specific tasks _raw_params=./{{ operation }}.yaml" time="0.052878618240356445">
			<system-out>/home/ruchi/workspace/collections/ansible_collections/network/base/roles/resource_manager/tasks/./persist.yaml (args={} vars={'item': '/home/ruchi/workspace/collections/ansible_collections/network/base/roles/resource_manager/tasks/persist.yaml', '_ansible_item_label': '/home/ruchi/workspace/collections/ansible_collections/network/base/roles/resource_manager/tasks/persist.yaml'}): [54.190.208.146]</system-out>
		</testcase>
		<testcase classname="out-of-tree:persist.yaml:2" name="[54.190.208.146] ospf: network.base.resource_manager : Get the supported resource modules os_name={{ ansible_network_os }}" time="1.4367246627807617">
			<system-out>{
    &quot;ansible_connection&quot;: &quot;ansible.netcommon.network_cli&quot;,
    &quot;ansible_network_os&quot;: &quot;cisco.nxos.nxos&quot;,
    &quot;changed&quot;: false,
    &quot;modules&quot;: [
        &quot;acl_interfaces&quot;,
        &quot;acls&quot;,
        &quot;bfd_interfaces&quot;,
        &quot;bgp_address_family&quot;,
        &quot;bgp_global&quot;,
        &quot;bgp_neighbor_address_family&quot;,
        &quot;bgp_templates&quot;,
        &quot;fc_interfaces&quot;,
        &quot;hostname&quot;,
        &quot;hsrp_interfaces&quot;,
        &quot;interfaces&quot;,
        &quot;l2_interfaces&quot;,
        &quot;l3_interfaces&quot;,
        &quot;lacp&quot;,
        &quot;lacp_interfaces&quot;,
        &quot;lag_interfaces&quot;,
        &quot;lldp_global&quot;,
        &quot;lldp_interfaces&quot;,
        &quot;logging_global&quot;,
        &quot;ntp_global&quot;,
        &quot;ospf_interfaces&quot;,
        &quot;ospfv2&quot;,
        &quot;ospfv3&quot;,
        &quot;prefix_lists&quot;,
        &quot;route_maps&quot;,
        &quot;snmp_server&quot;,
        &quot;static_routes&quot;,
        &quot;telemetry&quot;,
        &quot;vlans&quot;,
        &quot;vrf_global&quot;,
        &quot;vrf_interfaces&quot;
    ]
}</system-out>
		</testcase>
		<testcase classname="out-of-tree:persist.yaml:7" name="[54.190.208.146] ospf: network.base.resource_manager : Set default resources resource_manager_resources={{ resource_manager_network_resources_list['modules'] }}" time="0.08601713180541992">
			<system-out>{
    &quot;ansible_facts&quot;: {
        &quot;resource_manager_resources&quot;: [
            &quot;acl_interfaces&quot;,
            &quot;acls&quot;,
            &quot;bfd_interfaces&quot;,
            &quot;bgp_address_family&quot;,
            &quot;bgp_global&quot;,
            &quot;bgp_neighbor_address_family&quot;,
            &quot;bgp_templates&quot;,
            &quot;fc_interfaces&quot;,
            &quot;hostname&quot;,
            &quot;hsrp_interfaces&quot;,
            &quot;interfaces&quot;,
            &quot;l2_interfaces&quot;,
            &quot;l3_interfaces&quot;,
            &quot;lacp&quot;,
            &quot;lacp_interfaces&quot;,
            &quot;lag_interfaces&quot;,
            &quot;lldp_global&quot;,
            &quot;lldp_interfaces&quot;,
            &quot;logging_global&quot;,
            &quot;ntp_global&quot;,
            &quot;ospf_interfaces&quot;,
            &quot;ospfv2&quot;,
            &quot;ospfv3&quot;,
            &quot;prefix_lists&quot;,
            &quot;route_maps&quot;,
            &quot;snmp_server&quot;,
            &quot;static_routes&quot;,
            &quot;telemetry&quot;,
            &quot;vlans&quot;,
            &quot;vrf_global&quot;,
            &quot;vrf_interfaces&quot;
        ]
    },
    &quot;changed&quot;: false
}</system-out>
		</testcase>
		<testcase classname="out-of-tree:persist.yaml:12" name="[54.190.208.146] ospf: network.base.resource_manager : Set Network resources resource_manager_network_resources={{ resource_manager_network_resources_list['modules'] | ansible.utils.param_list_compare(resources) }}" time="0.12708568572998047">
			<system-out>{
    &quot;ansible_facts&quot;: {
        &quot;resource_manager_network_resources&quot;: {
            &quot;actionable&quot;: [
                &quot;ospf_interfaces&quot;,
                &quot;ospfv2&quot;,
                &quot;ospfv3&quot;
            ],
            &quot;unsupported&quot;: []
        }
    },
    &quot;changed&quot;: false
}</system-out>
		</testcase>
		<testcase classname="out-of-tree:persist.yaml:16" name="[54.190.208.146] ospf: network.base.resource_manager : Resolve inventory _raw_params=includes/inventory.yaml" time="0.010507822036743164">
			<system-out>{
    &quot;changed&quot;: false,
    &quot;include&quot;: &quot;includes/inventory.yaml&quot;,
    &quot;include_args&quot;: {}
}</system-out>
		</testcase>
		<testcase classname="out-of-tree:persist.yaml:16" name="[include] ospf: network.base.resource_manager : Resolve inventory _raw_params=includes/inventory.yaml" time="0.021763086318969727">
			<system-out>/home/ruchi/workspace/collections/ansible_collections/network/base/roles/resource_manager/includes/inventory.yaml (args={} vars={}): [54.190.208.146]</system-out>
		</testcase>
		<testcase classname="out-of-tree:inventory.yaml:2" name="[54.190.208.146] ospf: network.base.resource_manager : Set default host vars path resource_manager_inventory_directory=." time="0.021041393280029297">
			<skipped>Conditional result was False</skipped>
		</testcase>
		<testcase classname="out-of-tree:inventory.yaml:7" name="[54.190.208.146] ospf: network.base.resource_manager : Set default host vars path resource_manager_inventory_directory={{ data_store['local'] }}" time="0.07951068878173828">
			<system-out>{
    &quot;ansible_facts&quot;: {
        &quot;resource_manager_inventory_directory&quot;: &quot;~/test_backup&quot;
    },
    &quot;changed&quot;: false
}</system-out>
		</testcase>
		<testcase classname="out-of-tree:inventory.yaml:12" name="[54.190.208.146] ospf: network.base.resource_manager : Set default path resource_manager_inventory_path={{ resource_manager_repository['path'] }}" time="0.020434141159057617">
			<skipped>Conditional result was False</skipped>
		</testcase>
		<testcase classname="out-of-tree:inventory.yaml:17" name="[54.190.208.146] ospf: network.base.resource_manager : Set default path resource_manager_inventory_path={{ resource_manager_inventory_directory }}" time="0.08509969711303711">
			<system-out>{
    &quot;ansible_facts&quot;: {
        &quot;resource_manager_inventory_path&quot;: &quot;~/test_backup&quot;
    },
    &quot;changed&quot;: false
}</system-out>
		</testcase>
		<testcase classname="out-of-tree:persist.yaml:19" name="[54.190.208.146] ospf: network.base.resource_manager : Include retrieve tasks _raw_params=includes/retrieve.yaml" time="0.019047975540161133">
			<skipped>Conditional result was False</skipped>
		</testcase>
		<testcase classname="out-of-tree:persist.yaml:23" name="[54.190.208.146] ospf: network.base.resource_manager : Include build tasks _raw_params=includes/build.yaml" time="0.03017902374267578">
			<system-out>{
    &quot;changed&quot;: false,
    &quot;msg&quot;: &quot;All items completed&quot;,
    &quot;results&quot;: [
        {
            &quot;ansible_loop_var&quot;: &quot;res&quot;,
            &quot;include&quot;: &quot;includes/build.yaml&quot;,
            &quot;include_args&quot;: {},
            &quot;res&quot;: &quot;ospf_interfaces&quot;
        },
        {
            &quot;ansible_loop_var&quot;: &quot;res&quot;,
            &quot;include&quot;: &quot;includes/build.yaml&quot;,
            &quot;include_args&quot;: {},
            &quot;res&quot;: &quot;ospfv2&quot;
        },
        {
            &quot;ansible_loop_var&quot;: &quot;res&quot;,
            &quot;include&quot;: &quot;includes/build.yaml&quot;,
            &quot;include_args&quot;: {},
            &quot;res&quot;: &quot;ospfv3&quot;
        }
    ]
}</system-out>
		</testcase>
		<testcase classname="out-of-tree:persist.yaml:23" name="[include] ospf: network.base.resource_manager : Include build tasks _raw_params=includes/build.yaml" time="0.0595400333404541">
			<system-out>/home/ruchi/workspace/collections/ansible_collections/network/base/roles/resource_manager/includes/build.yaml (args={} vars={'res': 'ospf_interfaces', '_ansible_item_label': 'ospf_interfaces'}): [54.190.208.146]
/home/ruchi/workspace/collections/ansible_collections/network/base/roles/resource_manager/includes/build.yaml (args={} vars={'res': 'ospfv2', '_ansible_item_label': 'ospfv2'}): [54.190.208.146]
/home/ruchi/workspace/collections/ansible_collections/network/base/roles/resource_manager/includes/build.yaml (args={} vars={'res': 'ospfv3', '_ansible_item_label': 'ospfv3'}): [54.190.208.146]</system-out>
		</testcase>
		<testcase classname="out-of-tree:build.yaml:2" name="[54.190.208.146] ospf: network.base.resource_manager : Run the platform facts module os_name={{ ansible_network_os }}, name={{ ansible_network_os }}_{{ res }}, state=gathered" time="7.813583612442017">
			<system-out>{
    &quot;ansible_connection&quot;: &quot;ansible.netcommon.network_cli&quot;,
    &quot;ansible_network_os&quot;: &quot;cisco.nxos.nxos&quot;,
    &quot;changed&quot;: false,
    &quot;gathered&quot;: [
        {
            &quot;name&quot;: &quot;Ethernet1/1&quot;
        },
        {
            &quot;name&quot;: &quot;Ethernet1/2&quot;
        },
        {
            &quot;name&quot;: &quot;Ethernet1/3&quot;
        },
        {
            &quot;name&quot;: &quot;Ethernet1/4&quot;
        },
        {
            &quot;name&quot;: &quot;Ethernet1/5&quot;
        },
        {
            &quot;name&quot;: &quot;Ethernet1/6&quot;
        },
        {
            &quot;name&quot;: &quot;Ethernet1/7&quot;
        },
        {
            &quot;name&quot;: &quot;Ethernet1/8&quot;
        },
        {
            &quot;name&quot;: &quot;Ethernet1/9&quot;
        },
        {
            &quot;name&quot;: &quot;Ethernet1/10&quot;
        },
        {
            &quot;name&quot;: &quot;Ethernet1/11&quot;
        },
        {
            &quot;name&quot;: &quot;Ethernet1/12&quot;
        },
        {
            &quot;name&quot;: &quot;Ethernet1/13&quot;
        },
        {
            &quot;name&quot;: &quot;Ethernet1/14&quot;
        },
        {
            &quot;name&quot;: &quot;Ethernet1/15&quot;
        },
        {
            &quot;name&quot;: &quot;Ethernet1/16&quot;
        },
        {
            &quot;name&quot;: &quot;Ethernet1/17&quot;
        },
        {
            &quot;name&quot;: &quot;Ethernet1/18&quot;
        },
        {
            &quot;name&quot;: &quot;Ethernet1/19&quot;
        },
        {
            &quot;name&quot;: &quot;Ethernet1/20&quot;
        },
        {
            &quot;name&quot;: &quot;Ethernet1/21&quot;
        },
        {
            &quot;name&quot;: &quot;Ethernet1/22&quot;
        },
        {
            &quot;name&quot;: &quot;Ethernet1/23&quot;
        },
        {
            &quot;name&quot;: &quot;Ethernet1/24&quot;
        },
        {
            &quot;name&quot;: &quot;Ethernet1/25&quot;
        },
        {
            &quot;name&quot;: &quot;Ethernet1/26&quot;
        },
        {
            &quot;name&quot;: &quot;Ethernet1/27&quot;
        },
        {
            &quot;name&quot;: &quot;Ethernet1/28&quot;
        },
        {
            &quot;name&quot;: &quot;Ethernet1/29&quot;
        },
        {
            &quot;name&quot;: &quot;Ethernet1/30&quot;
        },
        {
            &quot;name&quot;: &quot;Ethernet1/31&quot;
        },
        {
            &quot;name&quot;: &quot;Ethernet1/32&quot;
        },
        {
            &quot;name&quot;: &quot;Ethernet1/33&quot;
        },
        {
            &quot;name&quot;: &quot;Ethernet1/34&quot;
        },
        {
            &quot;name&quot;: &quot;Ethernet1/35&quot;
        },
        {
            &quot;name&quot;: &quot;Ethernet1/36&quot;
        },
        {
            &quot;name&quot;: &quot;Ethernet1/37&quot;
        },
        {
            &quot;name&quot;: &quot;Ethernet1/38&quot;
        },
        {
            &quot;name&quot;: &quot;Ethernet1/39&quot;
        },
        {
            &quot;name&quot;: &quot;Ethernet1/40&quot;
        },
        {
            &quot;name&quot;: &quot;Ethernet1/41&quot;
        },
        {
            &quot;name&quot;: &quot;Ethernet1/42&quot;
        },
        {
            &quot;name&quot;: &quot;Ethernet1/43&quot;
        },
        {
            &quot;name&quot;: &quot;Ethernet1/44&quot;
        },
        {
            &quot;name&quot;: &quot;Ethernet1/45&quot;
        },
        {
            &quot;name&quot;: &quot;Ethernet1/46&quot;
        },
        {
            &quot;name&quot;: &quot;Ethernet1/47&quot;
        },
        {
            &quot;name&quot;: &quot;Ethernet1/48&quot;
        },
        {
            &quot;name&quot;: &quot;Ethernet1/49&quot;
        },
        {
            &quot;name&quot;: &quot;Ethernet1/50&quot;
        },
        {
            &quot;name&quot;: &quot;Ethernet1/51&quot;
        },
        {
            &quot;name&quot;: &quot;Ethernet1/52&quot;
        },
        {
            &quot;name&quot;: &quot;Ethernet1/53&quot;
        },
        {
            &quot;name&quot;: &quot;Ethernet1/54&quot;
        },
        {
            &quot;name&quot;: &quot;Ethernet1/55&quot;
        },
        {
            &quot;name&quot;: &quot;Ethernet1/56&quot;
        },
        {
            &quot;name&quot;: &quot;Ethernet1/57&quot;
        },
        {
            &quot;name&quot;: &quot;Ethernet1/58&quot;
        },
        {
            &quot;name&quot;: &quot;Ethernet1/59&quot;
        },
        {
            &quot;name&quot;: &quot;Ethernet1/60&quot;
        },
        {
            &quot;name&quot;: &quot;Ethernet1/61&quot;
        },
        {
            &quot;name&quot;: &quot;Ethernet1/62&quot;
        },
        {
            &quot;name&quot;: &quot;Ethernet1/63&quot;
        },
        {
            &quot;name&quot;: &quot;Ethernet1/64&quot;
        },
        {
            &quot;name&quot;: &quot;Vlan1&quot;
        },
        {
            &quot;name&quot;: &quot;mgmt0&quot;
        }
    ],
    &quot;invocation&quot;: {
        &quot;module_args&quot;: {
            &quot;config&quot;: null,
            &quot;running_config&quot;: null,
            &quot;state&quot;: &quot;gathered&quot;
        }
    },
    &quot;resource_module_name&quot;: &quot;cisco.nxos.nxos_ospf_interfaces&quot;
}</system-out>
		</testcase>
		<testcase classname="out-of-tree:build.yaml:9" name="[54.190.208.146] ospf: network.base.resource_manager : Resource Facts msg={{ resource_manager_result }}" time="0.011200904846191406">
			<skipped>Conditional result was False</skipped>
		</testcase>
		<testcase classname="out-of-tree:build.yaml:15" name="[54.190.208.146] ospf: network.base.resource_manager : Include file write task _raw_params=includes/write_to_file.yaml" time="0.06668710708618164">
			<skipped>Conditional result was False</skipped>
		</testcase>
		<testcase classname="out-of-tree:build.yaml:23" name="[54.190.208.146] ospf: network.base.resource_manager : Include file write task _raw_params=includes/write_to_file.yaml" time="0.05281329154968262">
			<system-out>{
    &quot;changed&quot;: false,
    &quot;include&quot;: &quot;includes/write_to_file.yaml&quot;,
    &quot;include_args&quot;: {}
}</system-out>
		</testcase>
		<testcase classname="out-of-tree:build.yaml:23" name="[include] ospf: network.base.resource_manager : Include file write task _raw_params=includes/write_to_file.yaml" time="0.06565237045288086">
			<system-out>/home/ruchi/workspace/collections/ansible_collections/network/base/roles/resource_manager/includes/write_to_file.yaml (args={} vars={}): [54.190.208.146]</system-out>
		</testcase>
		<testcase classname="out-of-tree:write_to_file.yaml:2" name="[54.190.208.146] ospf: network.base.resource_manager : Create inventory directory path={{ resource_manager_inventory_path }}/host_vars/{{ inventory_hostname }}, state=directory, mode=0777" time="0.28351616859436035">
			<system-out>{
    &quot;changed&quot;: true,
    &quot;diff&quot;: {
        &quot;after&quot;: {
            &quot;mode&quot;: &quot;0777&quot;,
            &quot;path&quot;: &quot;/home/ruchi/test_backup/host_vars/54.190.208.146&quot;,
            &quot;state&quot;: &quot;directory&quot;
        },
        &quot;before&quot;: {
            &quot;mode&quot;: &quot;0755&quot;,
            &quot;path&quot;: &quot;/home/ruchi/test_backup/host_vars/54.190.208.146&quot;,
            &quot;state&quot;: &quot;absent&quot;
        }
    },
    &quot;gid&quot;: 1000,
    &quot;group&quot;: &quot;ruchi&quot;,
    &quot;invocation&quot;: {
        &quot;module_args&quot;: {
            &quot;_diff_peek&quot;: null,
            &quot;_original_basename&quot;: null,
            &quot;access_time&quot;: null,
            &quot;access_time_format&quot;: &quot;%Y%m%d%H%M.%S&quot;,
            &quot;attributes&quot;: null,
            &quot;follow&quot;: true,
            &quot;force&quot;: false,
            &quot;group&quot;: null,
            &quot;mode&quot;: &quot;0777&quot;,
            &quot;modification_time&quot;: null,
            &quot;modification_time_format&quot;: &quot;%Y%m%d%H%M.%S&quot;,
            &quot;owner&quot;: null,
            &quot;path&quot;: &quot;/home/ruchi/test_backup/host_vars/54.190.208.146&quot;,
            &quot;recurse&quot;: false,
            &quot;selevel&quot;: null,
            &quot;serole&quot;: null,
            &quot;setype&quot;: null,
            &quot;seuser&quot;: null,
            &quot;src&quot;: null,
            &quot;state&quot;: &quot;directory&quot;,
            &quot;unsafe_writes&quot;: false
        }
    },
    &quot;mode&quot;: &quot;0777&quot;,
    &quot;owner&quot;: &quot;ruchi&quot;,
    &quot;path&quot;: &quot;/home/ruchi/test_backup/host_vars/54.190.208.146&quot;,
    &quot;secontext&quot;: &quot;unconfined_u:object_r:user_home_t:s0&quot;,
    &quot;size&quot;: 0,
    &quot;state&quot;: &quot;directory&quot;,
    &quot;uid&quot;: 1000
}</system-out>
		</testcase>
		<testcase classname="out-of-tree:write_to_file.yaml:9" name="[54.190.208.146] ospf: network.base.resource_manager : Write each resource to a file content={{ {res: resource_manager_result['gathered']} | to_nice_yaml }}, dest={{ resource_manager_inventory_path }}/host_vars/{{ inventory_hostname }}/{{ res }}.yaml, mode=0777" time="0.799083948135376">
			<system-out>{
    &quot;changed&quot;: true,
    &quot;checksum&quot;: &quot;b51111cc4baaaa875344e2320c3fe1f233bf42de&quot;,
    &quot;dest&quot;: &quot;/home/ruchi/test_backup/host_vars/54.190.208.146/ospf_interfaces.yaml&quot;,
    &quot;diff&quot;: [],
    &quot;gid&quot;: 1000,
    &quot;group&quot;: &quot;ruchi&quot;,
    &quot;invocation&quot;: {
        &quot;module_args&quot;: {
            &quot;_original_basename&quot;: &quot;tmpq5jtf5s6&quot;,
            &quot;attributes&quot;: null,
            &quot;backup&quot;: false,
            &quot;checksum&quot;: &quot;b51111cc4baaaa875344e2320c3fe1f233bf42de&quot;,
            &quot;content&quot;: null,
            &quot;dest&quot;: &quot;/home/ruchi/test_backup/host_vars/54.190.208.146/ospf_interfaces.yaml&quot;,
            &quot;directory_mode&quot;: null,
            &quot;follow&quot;: false,
            &quot;force&quot;: true,
            &quot;group&quot;: null,
            &quot;local_follow&quot;: null,
            &quot;mode&quot;: &quot;0777&quot;,
            &quot;owner&quot;: null,
            &quot;remote_src&quot;: null,
            &quot;selevel&quot;: null,
            &quot;serole&quot;: null,
            &quot;setype&quot;: null,
            &quot;seuser&quot;: null,
            &quot;src&quot;: &quot;/home/ruchi/.ansible/tmp/ansible-tmp-1733210782.9462337-1101603-235250073573069/source&quot;,
            &quot;unsafe_writes&quot;: false,
            &quot;validate&quot;: null
        }
    },
    &quot;md5sum&quot;: &quot;ca46be1d73e102a8d045d64d04a462ce&quot;,
    &quot;mode&quot;: &quot;0777&quot;,
    &quot;owner&quot;: &quot;ruchi&quot;,
    &quot;secontext&quot;: &quot;unconfined_u:object_r:user_home_t:s0&quot;,
    &quot;size&quot;: 1512,
    &quot;src&quot;: &quot;/home/ruchi/.ansible/tmp/ansible-tmp-1733210782.9462337-1101603-235250073573069/source&quot;,
    &quot;state&quot;: &quot;file&quot;,
    &quot;uid&quot;: 1000
}</system-out>
		</testcase>
		<testcase classname="out-of-tree:build.yaml:2" name="[54.190.208.146] ospf: network.base.resource_manager : Run the platform facts module os_name={{ ansible_network_os }}, name={{ ansible_network_os }}_{{ res }}, state=gathered" time="1.5938353538513184">
			<system-out>{
    &quot;ansible_connection&quot;: &quot;ansible.netcommon.network_cli&quot;,
    &quot;ansible_network_os&quot;: &quot;cisco.nxos.nxos&quot;,
    &quot;changed&quot;: false,
    &quot;gathered&quot;: {},
    &quot;invocation&quot;: {
        &quot;module_args&quot;: {
            &quot;config&quot;: null,
            &quot;running_config&quot;: null,
            &quot;state&quot;: &quot;gathered&quot;
        }
    },
    &quot;resource_module_name&quot;: &quot;cisco.nxos.nxos_ospfv2&quot;
}</system-out>
		</testcase>
		<testcase classname="out-of-tree:build.yaml:9" name="[54.190.208.146] ospf: network.base.resource_manager : Resource Facts msg={{ resource_manager_result }}" time="0.013758420944213867">
			<skipped>Conditional result was False</skipped>
		</testcase>
		<testcase classname="out-of-tree:build.yaml:15" name="[54.190.208.146] ospf: network.base.resource_manager : Include file write task _raw_params=includes/write_to_file.yaml" time="0.050696611404418945">
			<skipped>Conditional result was False</skipped>
		</testcase>
		<testcase classname="out-of-tree:build.yaml:23" name="[54.190.208.146] ospf: network.base.resource_manager : Include file write task _raw_params=includes/write_to_file.yaml" time="0.04378199577331543">
			<system-out>{
    &quot;changed&quot;: false,
    &quot;include&quot;: &quot;includes/write_to_file.yaml&quot;,
    &quot;include_args&quot;: {}
}</system-out>
		</testcase>
		<testcase classname="out-of-tree:build.yaml:23" name="[include] ospf: network.base.resource_manager : Include file write task _raw_params=includes/write_to_file.yaml" time="0.053737640380859375">
			<system-out>/home/ruchi/workspace/collections/ansible_collections/network/base/roles/resource_manager/includes/write_to_file.yaml (args={} vars={}): [54.190.208.146]</system-out>
		</testcase>
		<testcase classname="out-of-tree:write_to_file.yaml:2" name="[54.190.208.146] ospf: network.base.resource_manager : Create inventory directory path={{ resource_manager_inventory_path }}/host_vars/{{ inventory_hostname }}, state=directory, mode=0777" time="0.3347656726837158">
			<system-out>{
    &quot;changed&quot;: false,
    &quot;diff&quot;: {
        &quot;after&quot;: {
            &quot;path&quot;: &quot;/home/ruchi/test_backup/host_vars/54.190.208.146&quot;
        },
        &quot;before&quot;: {
            &quot;path&quot;: &quot;/home/ruchi/test_backup/host_vars/54.190.208.146&quot;
        }
    },
    &quot;gid&quot;: 1000,
    &quot;group&quot;: &quot;ruchi&quot;,
    &quot;invocation&quot;: {
        &quot;module_args&quot;: {
            &quot;_diff_peek&quot;: null,
            &quot;_original_basename&quot;: null,
            &quot;access_time&quot;: null,
            &quot;access_time_format&quot;: &quot;%Y%m%d%H%M.%S&quot;,
            &quot;attributes&quot;: null,
            &quot;follow&quot;: true,
            &quot;force&quot;: false,
            &quot;group&quot;: null,
            &quot;mode&quot;: &quot;0777&quot;,
            &quot;modification_time&quot;: null,
            &quot;modification_time_format&quot;: &quot;%Y%m%d%H%M.%S&quot;,
            &quot;owner&quot;: null,
            &quot;path&quot;: &quot;/home/ruchi/test_backup/host_vars/54.190.208.146&quot;,
            &quot;recurse&quot;: false,
            &quot;selevel&quot;: null,
            &quot;serole&quot;: null,
            &quot;setype&quot;: null,
            &quot;seuser&quot;: null,
            &quot;src&quot;: null,
            &quot;state&quot;: &quot;directory&quot;,
            &quot;unsafe_writes&quot;: false
        }
    },
    &quot;mode&quot;: &quot;0777&quot;,
    &quot;owner&quot;: &quot;ruchi&quot;,
    &quot;path&quot;: &quot;/home/ruchi/test_backup/host_vars/54.190.208.146&quot;,
    &quot;secontext&quot;: &quot;unconfined_u:object_r:user_home_t:s0&quot;,
    &quot;size&quot;: 40,
    &quot;state&quot;: &quot;directory&quot;,
    &quot;uid&quot;: 1000
}</system-out>
		</testcase>
		<testcase classname="out-of-tree:write_to_file.yaml:9" name="[54.190.208.146] ospf: network.base.resource_manager : Write each resource to a file content={{ {res: resource_manager_result['gathered']} | to_nice_yaml }}, dest={{ resource_manager_inventory_path }}/host_vars/{{ inventory_hostname }}/{{ res }}.yaml, mode=0777" time="0.5566673278808594">
			<system-out>{
    &quot;changed&quot;: true,
    &quot;checksum&quot;: &quot;687e4a6bb92edb24522e2c9737f0e513284e2260&quot;,
    &quot;dest&quot;: &quot;/home/ruchi/test_backup/host_vars/54.190.208.146/ospfv2.yaml&quot;,
    &quot;diff&quot;: [],
    &quot;gid&quot;: 1000,
    &quot;group&quot;: &quot;ruchi&quot;,
    &quot;invocation&quot;: {
        &quot;module_args&quot;: {
            &quot;_original_basename&quot;: &quot;tmp_coc1g6y&quot;,
            &quot;attributes&quot;: null,
            &quot;backup&quot;: false,
            &quot;checksum&quot;: &quot;687e4a6bb92edb24522e2c9737f0e513284e2260&quot;,
            &quot;content&quot;: null,
            &quot;dest&quot;: &quot;/home/ruchi/test_backup/host_vars/54.190.208.146/ospfv2.yaml&quot;,
            &quot;directory_mode&quot;: null,
            &quot;follow&quot;: false,
            &quot;force&quot;: true,
            &quot;group&quot;: null,
            &quot;local_follow&quot;: null,
            &quot;mode&quot;: &quot;0777&quot;,
            &quot;owner&quot;: null,
            &quot;remote_src&quot;: null,
            &quot;selevel&quot;: null,
            &quot;serole&quot;: null,
            &quot;setype&quot;: null,
            &quot;seuser&quot;: null,
            &quot;src&quot;: &quot;/home/ruchi/.ansible/tmp/ansible-tmp-1733210785.8151748-1101783-153401807353385/source&quot;,
            &quot;unsafe_writes&quot;: false,
            &quot;validate&quot;: null
        }
    },
    &quot;md5sum&quot;: &quot;4c1d37421e45ffcd447e5f2be2e835cb&quot;,
    &quot;mode&quot;: &quot;0777&quot;,
    &quot;owner&quot;: &quot;ruchi&quot;,
    &quot;secontext&quot;: &quot;unconfined_u:object_r:user_home_t:s0&quot;,
    &quot;size&quot;: 11,
    &quot;src&quot;: &quot;/home/ruchi/.ansible/tmp/ansible-tmp-1733210785.8151748-1101783-153401807353385/source&quot;,
    &quot;state&quot;: &quot;file&quot;,
    &quot;uid&quot;: 1000
}</system-out>
		</testcase>
		<testcase classname="out-of-tree:build.yaml:2" name="[54.190.208.146] ospf: network.base.resource_manager : Run the platform facts module os_name={{ ansible_network_os }}, name={{ ansible_network_os }}_{{ res }}, state=gathered" time="1.8733916282653809">
			<system-out>{
    &quot;ansible_connection&quot;: &quot;ansible.netcommon.network_cli&quot;,
    &quot;ansible_network_os&quot;: &quot;cisco.nxos.nxos&quot;,
    &quot;changed&quot;: false,
    &quot;gathered&quot;: {},
    &quot;invocation&quot;: {
        &quot;module_args&quot;: {
            &quot;config&quot;: null,
            &quot;running_config&quot;: null,
            &quot;state&quot;: &quot;gathered&quot;
        }
    },
    &quot;resource_module_name&quot;: &quot;cisco.nxos.nxos_ospfv3&quot;
}</system-out>
		</testcase>
		<testcase classname="out-of-tree:build.yaml:9" name="[54.190.208.146] ospf: network.base.resource_manager : Resource Facts msg={{ resource_manager_result }}" time="0.024112224578857422">
			<skipped>Conditional result was False</skipped>
		</testcase>
		<testcase classname="out-of-tree:build.yaml:15" name="[54.190.208.146] ospf: network.base.resource_manager : Include file write task _raw_params=includes/write_to_file.yaml" time="0.05897879600524902">
			<skipped>Conditional result was False</skipped>
		</testcase>
		<testcase classname="out-of-tree:build.yaml:23" name="[54.190.208.146] ospf: network.base.resource_manager : Include file write task _raw_params=includes/write_to_file.yaml" time="0.05687522888183594">
			<system-out>{
    &quot;changed&quot;: false,
    &quot;include&quot;: &quot;includes/write_to_file.yaml&quot;,
    &quot;include_args&quot;: {}
}</system-out>
		</testcase>
		<testcase classname="out-of-tree:build.yaml:23" name="[include] ospf: network.base.resource_manager : Include file write task _raw_params=includes/write_to_file.yaml" time="0.06938433647155762">
			<system-out>/home/ruchi/workspace/collections/ansible_collections/network/base/roles/resource_manager/includes/write_to_file.yaml (args={} vars={}): [54.190.208.146]</system-out>
		</testcase>
		<testcase classname="out-of-tree:write_to_file.yaml:2" name="[54.190.208.146] ospf: network.base.resource_manager : Create inventory directory path={{ resource_manager_inventory_path }}/host_vars/{{ inventory_hostname }}, state=directory, mode=0777" time="0.41277384757995605">
			<system-out>{
    &quot;changed&quot;: false,
    &quot;diff&quot;: {
        &quot;after&quot;: {
            &quot;path&quot;: &quot;/home/ruchi/test_backup/host_vars/54.190.208.146&quot;
        },
        &quot;before&quot;: {
            &quot;path&quot;: &quot;/home/ruchi/test_backup/host_vars/54.190.208.146&quot;
        }
    },
    &quot;gid&quot;: 1000,
    &quot;group&quot;: &quot;ruchi&quot;,
    &quot;invocation&quot;: {
        &quot;module_args&quot;: {
            &quot;_diff_peek&quot;: null,
            &quot;_original_basename&quot;: null,
            &quot;access_time&quot;: null,
            &quot;access_time_format&quot;: &quot;%Y%m%d%H%M.%S&quot;,
            &quot;attributes&quot;: null,
            &quot;follow&quot;: true,
            &quot;force&quot;: false,
            &quot;group&quot;: null,
            &quot;mode&quot;: &quot;0777&quot;,
            &quot;modification_time&quot;: null,
            &quot;modification_time_format&quot;: &quot;%Y%m%d%H%M.%S&quot;,
            &quot;owner&quot;: null,
            &quot;path&quot;: &quot;/home/ruchi/test_backup/host_vars/54.190.208.146&quot;,
            &quot;recurse&quot;: false,
            &quot;selevel&quot;: null,
            &quot;serole&quot;: null,
            &quot;setype&quot;: null,
            &quot;seuser&quot;: null,
            &quot;src&quot;: null,
            &quot;state&quot;: &quot;directory&quot;,
            &quot;unsafe_writes&quot;: false
        }
    },
    &quot;mode&quot;: &quot;0777&quot;,
    &quot;owner&quot;: &quot;ruchi&quot;,
    &quot;path&quot;: &quot;/home/ruchi/test_backup/host_vars/54.190.208.146&quot;,
    &quot;secontext&quot;: &quot;unconfined_u:object_r:user_home_t:s0&quot;,
    &quot;size&quot;: 62,
    &quot;state&quot;: &quot;directory&quot;,
    &quot;uid&quot;: 1000
}</system-out>
		</testcase>
		<testcase classname="out-of-tree:write_to_file.yaml:9" name="[54.190.208.146] ospf: network.base.resource_manager : Write each resource to a file content={{ {res: resource_manager_result['gathered']} | to_nice_yaml }}, dest={{ resource_manager_inventory_path }}/host_vars/{{ inventory_hostname }}/{{ res }}.yaml, mode=0777" time="0.602379322052002">
			<system-out>{
    &quot;changed&quot;: true,
    &quot;checksum&quot;: &quot;82a3f78e6d2a8235dbd9b18a836d1c2164c64925&quot;,
    &quot;dest&quot;: &quot;/home/ruchi/test_backup/host_vars/54.190.208.146/ospfv3.yaml&quot;,
    &quot;diff&quot;: [],
    &quot;gid&quot;: 1000,
    &quot;group&quot;: &quot;ruchi&quot;,
    &quot;invocation&quot;: {
        &quot;module_args&quot;: {
            &quot;_original_basename&quot;: &quot;tmp9jokv3_4&quot;,
            &quot;attributes&quot;: null,
            &quot;backup&quot;: false,
            &quot;checksum&quot;: &quot;82a3f78e6d2a8235dbd9b18a836d1c2164c64925&quot;,
            &quot;content&quot;: null,
            &quot;dest&quot;: &quot;/home/ruchi/test_backup/host_vars/54.190.208.146/ospfv3.yaml&quot;,
            &quot;directory_mode&quot;: null,
            &quot;follow&quot;: false,
            &quot;force&quot;: true,
            &quot;group&quot;: null,
            &quot;local_follow&quot;: null,
            &quot;mode&quot;: &quot;0777&quot;,
            &quot;owner&quot;: null,
            &quot;remote_src&quot;: null,
            &quot;selevel&quot;: null,
            &quot;serole&quot;: null,
            &quot;setype&quot;: null,
            &quot;seuser&quot;: null,
            &quot;src&quot;: &quot;/home/ruchi/.ansible/tmp/ansible-tmp-1733210788.8657408-1101886-48377543862670/source&quot;,
            &quot;unsafe_writes&quot;: false,
            &quot;validate&quot;: null
        }
    },
    &quot;md5sum&quot;: &quot;fb4d284af1a4365cecee89190e881c4d&quot;,
    &quot;mode&quot;: &quot;0777&quot;,
    &quot;owner&quot;: &quot;ruchi&quot;,
    &quot;secontext&quot;: &quot;unconfined_u:object_r:user_home_t:s0&quot;,
    &quot;size&quot;: 11,
    &quot;src&quot;: &quot;/home/ruchi/.ansible/tmp/ansible-tmp-1733210788.8657408-1101886-48377543862670/source&quot;,
    &quot;state&quot;: &quot;file&quot;,
    &quot;uid&quot;: 1000
}</system-out>
		</testcase>
		<testcase classname="out-of-tree:persist.yaml:29" name="[54.190.208.146] ospf: network.base.resource_manager : Include build tasks _raw_params=includes/remote_publish.yaml" time="0.0247802734375">
			<skipped>Conditional result was False</skipped>
		</testcase>
		<testcase classname="tests/integration/targets/ospf_persist/tasks/main.yaml:31" name="[54.190.208.146] ospf: ospf_persist : Assert file generations _raw_params=includes/assertions.yaml" time="0.03155827522277832">
			<system-out>{
    &quot;changed&quot;: false,
    &quot;msg&quot;: &quot;All items completed&quot;,
    &quot;results&quot;: [
        {
            &quot;ansible_loop_var&quot;: &quot;filename&quot;,
            &quot;filename&quot;: &quot;ospfv2&quot;,
            &quot;include&quot;: &quot;includes/assertions.yaml&quot;,
            &quot;include_args&quot;: {}
        },
        {
            &quot;ansible_loop_var&quot;: &quot;filename&quot;,
            &quot;filename&quot;: &quot;ospfv3&quot;,
            &quot;include&quot;: &quot;includes/assertions.yaml&quot;,
            &quot;include_args&quot;: {}
        },
        {
            &quot;ansible_loop_var&quot;: &quot;filename&quot;,
            &quot;filename&quot;: &quot;ospf_interfaces&quot;,
            &quot;include&quot;: &quot;includes/assertions.yaml&quot;,
            &quot;include_args&quot;: {}
        }
    ]
}</system-out>
		</testcase>
		<testcase classname="tests/integration/targets/ospf_persist/tasks/main.yaml:31" name="[include] ospf: ospf_persist : Assert file generations _raw_params=includes/assertions.yaml" time="0.05429220199584961">
			<system-out>/home/ruchi/workspace/collections/ansible_collections/network/ospf/tests/output/.tmp/integration/ospf_persist-rzzbgshv-ÅÑŚÌβŁÈ/tests/integration/targets/ospf_persist/includes/assertions.yaml (args={} vars={'filename': 'ospfv2', '_ansible_item_label': 'ospfv2'}): [54.190.208.146]
/home/ruchi/workspace/collections/ansible_collections/network/ospf/tests/output/.tmp/integration/ospf_persist-rzzbgshv-ÅÑŚÌβŁÈ/tests/integration/targets/ospf_persist/includes/assertions.yaml (args={} vars={'filename': 'ospfv3', '_ansible_item_label': 'ospfv3'}): [54.190.208.146]
/home/ruchi/workspace/collections/ansible_collections/network/ospf/tests/output/.tmp/integration/ospf_persist-rzzbgshv-ÅÑŚÌβŁÈ/tests/integration/targets/ospf_persist/includes/assertions.yaml (args={} vars={'filename': 'ospf_interfaces', '_ansible_item_label': 'ospf_interfaces'}): [54.190.208.146]</system-out>
		</testcase>
		<testcase classname="tests/integration/targets/ospf_persist/includes/assertions.yaml:2" name="[54.190.208.146] ospf: ospf_persist : Task name path={{ test_data_store['local'] }}/host_vars/{{ inventory_hostname }}/{{ filename }}.yaml" time="1.1145386695861816">
			<system-out>{
    &quot;changed&quot;: false,
    &quot;invocation&quot;: {
        &quot;module_args&quot;: {
            &quot;checksum_algorithm&quot;: &quot;sha1&quot;,
            &quot;follow&quot;: false,
            &quot;get_attributes&quot;: true,
            &quot;get_checksum&quot;: true,
            &quot;get_mime&quot;: true,
            &quot;path&quot;: &quot;/home/ruchi/test_backup/host_vars/54.190.208.146/ospfv2.yaml&quot;
        }
    },
    &quot;stat&quot;: {
        &quot;atime&quot;: 1733210786.2948656,
        &quot;attr_flags&quot;: &quot;&quot;,
        &quot;attributes&quot;: [],
        &quot;block_size&quot;: 4096,
        &quot;blocks&quot;: 8,
        &quot;charset&quot;: &quot;us-ascii&quot;,
        &quot;checksum&quot;: &quot;687e4a6bb92edb24522e2c9737f0e513284e2260&quot;,
        &quot;ctime&quot;: 1733210786.3008657,
        &quot;dev&quot;: 39,
        &quot;device_type&quot;: 0,
        &quot;executable&quot;: true,
        &quot;exists&quot;: true,
        &quot;gid&quot;: 1000,
        &quot;gr_name&quot;: &quot;ruchi&quot;,
        &quot;inode&quot;: 27794873,
        &quot;isblk&quot;: false,
        &quot;ischr&quot;: false,
        &quot;isdir&quot;: false,
        &quot;isfifo&quot;: false,
        &quot;isgid&quot;: false,
        &quot;islnk&quot;: false,
        &quot;isreg&quot;: true,
        &quot;issock&quot;: false,
        &quot;isuid&quot;: false,
        &quot;mimetype&quot;: &quot;text/plain&quot;,
        &quot;mode&quot;: &quot;0777&quot;,
        &quot;mtime&quot;: 1733210786.0888638,
        &quot;nlink&quot;: 1,
        &quot;path&quot;: &quot;/home/ruchi/test_backup/host_vars/54.190.208.146/ospfv2.yaml&quot;,
        &quot;pw_name&quot;: &quot;ruchi&quot;,
        &quot;readable&quot;: true,
        &quot;rgrp&quot;: true,
        &quot;roth&quot;: true,
        &quot;rusr&quot;: true,
        &quot;size&quot;: 11,
        &quot;uid&quot;: 1000,
        &quot;version&quot;: &quot;640259&quot;,
        &quot;wgrp&quot;: true,
        &quot;woth&quot;: true,
        &quot;writeable&quot;: true,
        &quot;wusr&quot;: true,
        &quot;xgrp&quot;: true,
        &quot;xoth&quot;: true,
        &quot;xusr&quot;: true
    }
}</system-out>
		</testcase>
		<testcase classname="tests/integration/targets/ospf_persist/includes/assertions.yaml:7" name="[54.190.208.146] ospf: ospf_persist : Assert that gather result that=['result.stat.exists == true']" time="0.0926976203918457">
			<system-out>{
    &quot;changed&quot;: false,
    &quot;msg&quot;: &quot;All assertions passed&quot;
}</system-out>
		</testcase>
		<testcase classname="tests/integration/targets/ospf_persist/includes/assertions.yaml:2" name="[54.190.208.146] ospf: ospf_persist : Task name path={{ test_data_store['local'] }}/host_vars/{{ inventory_hostname }}/{{ filename }}.yaml" time="1.16798734664917">
			<system-out>{
    &quot;changed&quot;: false,
    &quot;invocation&quot;: {
        &quot;module_args&quot;: {
            &quot;checksum_algorithm&quot;: &quot;sha1&quot;,
            &quot;follow&quot;: false,
            &quot;get_attributes&quot;: true,
            &quot;get_checksum&quot;: true,
            &quot;get_mime&quot;: true,
            &quot;path&quot;: &quot;/home/ruchi/test_backup/host_vars/54.190.208.146/ospfv3.yaml&quot;
        }
    },
    &quot;stat&quot;: {
        &quot;atime&quot;: 1733210789.386892,
        &quot;attr_flags&quot;: &quot;&quot;,
        &quot;attributes&quot;: [],
        &quot;block_size&quot;: 4096,
        &quot;blocks&quot;: 8,
        &quot;charset&quot;: &quot;us-ascii&quot;,
        &quot;checksum&quot;: &quot;82a3f78e6d2a8235dbd9b18a836d1c2164c64925&quot;,
        &quot;ctime&quot;: 1733210789.389892,
        &quot;dev&quot;: 39,
        &quot;device_type&quot;: 0,
        &quot;executable&quot;: true,
        &quot;exists&quot;: true,
        &quot;gid&quot;: 1000,
        &quot;gr_name&quot;: &quot;ruchi&quot;,
        &quot;inode&quot;: 27794885,
        &quot;isblk&quot;: false,
        &quot;ischr&quot;: false,
        &quot;isdir&quot;: false,
        &quot;isfifo&quot;: false,
        &quot;isgid&quot;: false,
        &quot;islnk&quot;: false,
        &quot;isreg&quot;: true,
        &quot;issock&quot;: false,
        &quot;isuid&quot;: false,
        &quot;mimetype&quot;: &quot;text/plain&quot;,
        &quot;mode&quot;: &quot;0777&quot;,
        &quot;mtime&quot;: 1733210789.14989,
        &quot;nlink&quot;: 1,
        &quot;path&quot;: &quot;/home/ruchi/test_backup/host_vars/54.190.208.146/ospfv3.yaml&quot;,
        &quot;pw_name&quot;: &quot;ruchi&quot;,
        &quot;readable&quot;: true,
        &quot;rgrp&quot;: true,
        &quot;roth&quot;: true,
        &quot;rusr&quot;: true,
        &quot;size&quot;: 11,
        &quot;uid&quot;: 1000,
        &quot;version&quot;: &quot;640259&quot;,
        &quot;wgrp&quot;: true,
        &quot;woth&quot;: true,
        &quot;writeable&quot;: true,
        &quot;wusr&quot;: true,
        &quot;xgrp&quot;: true,
        &quot;xoth&quot;: true,
        &quot;xusr&quot;: true
    }
}</system-out>
		</testcase>
		<testcase classname="tests/integration/targets/ospf_persist/includes/assertions.yaml:7" name="[54.190.208.146] ospf: ospf_persist : Assert that gather result that=['result.stat.exists == true']" time="0.12292742729187012">
			<system-out>{
    &quot;changed&quot;: false,
    &quot;msg&quot;: &quot;All assertions passed&quot;
}</system-out>
		</testcase>
		<testcase classname="tests/integration/targets/ospf_persist/includes/assertions.yaml:2" name="[54.190.208.146] ospf: ospf_persist : Task name path={{ test_data_store['local'] }}/host_vars/{{ inventory_hostname }}/{{ filename }}.yaml" time="1.0439515113830566">
			<system-out>{
    &quot;changed&quot;: false,
    &quot;invocation&quot;: {
        &quot;module_args&quot;: {
            &quot;checksum_algorithm&quot;: &quot;sha1&quot;,
            &quot;follow&quot;: false,
            &quot;get_attributes&quot;: true,
            &quot;get_checksum&quot;: true,
            &quot;get_mime&quot;: true,
            &quot;path&quot;: &quot;/home/ruchi/test_backup/host_vars/54.190.208.146/ospf_interfaces.yaml&quot;
        }
    },
    &quot;stat&quot;: {
        &quot;atime&quot;: 1733210783.659843,
        &quot;attr_flags&quot;: &quot;&quot;,
        &quot;attributes&quot;: [],
        &quot;block_size&quot;: 4096,
        &quot;blocks&quot;: 8,
        &quot;charset&quot;: &quot;us-ascii&quot;,
        &quot;checksum&quot;: &quot;b51111cc4baaaa875344e2320c3fe1f233bf42de&quot;,
        &quot;ctime&quot;: 1733210783.662843,
        &quot;dev&quot;: 39,
        &quot;device_type&quot;: 0,
        &quot;executable&quot;: true,
        &quot;exists&quot;: true,
        &quot;gid&quot;: 1000,
        &quot;gr_name&quot;: &quot;ruchi&quot;,
        &quot;inode&quot;: 27794854,
        &quot;isblk&quot;: false,
        &quot;ischr&quot;: false,
        &quot;isdir&quot;: false,
        &quot;isfifo&quot;: false,
        &quot;isgid&quot;: false,
        &quot;islnk&quot;: false,
        &quot;isreg&quot;: true,
        &quot;issock&quot;: false,
        &quot;isuid&quot;: false,
        &quot;mimetype&quot;: &quot;text/plain&quot;,
        &quot;mode&quot;: &quot;0777&quot;,
        &quot;mtime&quot;: 1733210783.32284,
        &quot;nlink&quot;: 1,
        &quot;path&quot;: &quot;/home/ruchi/test_backup/host_vars/54.190.208.146/ospf_interfaces.yaml&quot;,
        &quot;pw_name&quot;: &quot;ruchi&quot;,
        &quot;readable&quot;: true,
        &quot;rgrp&quot;: true,
        &quot;roth&quot;: true,
        &quot;rusr&quot;: true,
        &quot;size&quot;: 1512,
        &quot;uid&quot;: 1000,
        &quot;version&quot;: &quot;640259&quot;,
        &quot;wgrp&quot;: true,
        &quot;woth&quot;: true,
        &quot;writeable&quot;: true,
        &quot;wusr&quot;: true,
        &quot;xgrp&quot;: true,
        &quot;xoth&quot;: true,
        &quot;xusr&quot;: true
    }
}</system-out>
		</testcase>
		<testcase classname="tests/integration/targets/ospf_persist/includes/assertions.yaml:7" name="[54.190.208.146] ospf: ospf_persist : Assert that gather result that=['result.stat.exists == true']" time="0.08045125007629395">
			<system-out>{
    &quot;changed&quot;: false,
    &quot;msg&quot;: &quot;All assertions passed&quot;
}</system-out>
		</testcase>
		<testcase classname="tests/integration/targets/ospf_persist/tasks/main.yaml:37" name="[54.190.208.146] ospf: Run network.ospf validated content with persist operation name=network.ospf.persist" time="0.008368968963623047">
			<system-out>{
    &quot;changed&quot;: false,
    &quot;include_args&quot;: {
        &quot;name&quot;: &quot;network.ospf.persist&quot;
    }
}</system-out>
		</testcase>
		<testcase classname="out-of-tree:main.yaml:2" name="[54.190.208.146] ospf: Invoke gather function name=network.base.resource_manager" time="0.015315771102905273">
			<system-out>{
    &quot;changed&quot;: false,
    &quot;include_args&quot;: {
        &quot;name&quot;: &quot;network.base.resource_manager&quot;
    }
}</system-out>
		</testcase>
		<testcase classname="out-of-tree:main.yaml:2" name="[54.190.208.146] ospf: network.base.resource_manager : Run the platform specific tasks _raw_params=./{{ operation }}.yaml" time="0.0236513614654541">
			<system-out>{
    &quot;changed&quot;: false,
    &quot;msg&quot;: &quot;All items completed&quot;,
    &quot;results&quot;: [
        {
            &quot;ansible_loop_var&quot;: &quot;item&quot;,
            &quot;include&quot;: &quot;./persist.yaml&quot;,
            &quot;include_args&quot;: {},
            &quot;item&quot;: &quot;/home/ruchi/workspace/collections/ansible_collections/network/base/roles/resource_manager/tasks/persist.yaml&quot;
        }
    ]
}</system-out>
		</testcase>
		<testcase classname="out-of-tree:main.yaml:2" name="[include] ospf: network.base.resource_manager : Run the platform specific tasks _raw_params=./{{ operation }}.yaml" time="0.0351262092590332">
			<system-out>/home/ruchi/workspace/collections/ansible_collections/network/base/roles/resource_manager/tasks/./persist.yaml (args={} vars={'item': '/home/ruchi/workspace/collections/ansible_collections/network/base/roles/resource_manager/tasks/persist.yaml', '_ansible_item_label': '/home/ruchi/workspace/collections/ansible_collections/network/base/roles/resource_manager/tasks/persist.yaml'}): [54.190.208.146]</system-out>
		</testcase>
		<testcase classname="out-of-tree:persist.yaml:2" name="[54.190.208.146] ospf: network.base.resource_manager : Get the supported resource modules os_name={{ ansible_network_os }}" time="1.4812042713165283">
			<system-out>{
    &quot;ansible_connection&quot;: &quot;ansible.netcommon.network_cli&quot;,
    &quot;ansible_network_os&quot;: &quot;cisco.nxos.nxos&quot;,
    &quot;changed&quot;: false,
    &quot;modules&quot;: [
        &quot;acl_interfaces&quot;,
        &quot;acls&quot;,
        &quot;bfd_interfaces&quot;,
        &quot;bgp_address_family&quot;,
        &quot;bgp_global&quot;,
        &quot;bgp_neighbor_address_family&quot;,
        &quot;bgp_templates&quot;,
        &quot;fc_interfaces&quot;,
        &quot;hostname&quot;,
        &quot;hsrp_interfaces&quot;,
        &quot;interfaces&quot;,
        &quot;l2_interfaces&quot;,
        &quot;l3_interfaces&quot;,
        &quot;lacp&quot;,
        &quot;lacp_interfaces&quot;,
        &quot;lag_interfaces&quot;,
        &quot;lldp_global&quot;,
        &quot;lldp_interfaces&quot;,
        &quot;logging_global&quot;,
        &quot;ntp_global&quot;,
        &quot;ospf_interfaces&quot;,
        &quot;ospfv2&quot;,
        &quot;ospfv3&quot;,
        &quot;prefix_lists&quot;,
        &quot;route_maps&quot;,
        &quot;snmp_server&quot;,
        &quot;static_routes&quot;,
        &quot;telemetry&quot;,
        &quot;vlans&quot;,
        &quot;vrf_global&quot;,
        &quot;vrf_interfaces&quot;
    ]
}</system-out>
		</testcase>
		<testcase classname="out-of-tree:persist.yaml:7" name="[54.190.208.146] ospf: network.base.resource_manager : Set default resources resource_manager_resources={{ resource_manager_network_resources_list['modules'] }}" time="0.0347743034362793">
			<skipped>Conditional result was False</skipped>
		</testcase>
		<testcase classname="out-of-tree:persist.yaml:12" name="[54.190.208.146] ospf: network.base.resource_manager : Set Network resources resource_manager_network_resources={{ resource_manager_network_resources_list['modules'] | ansible.utils.param_list_compare(resources) }}" time="0.1729443073272705">
			<system-out>{
    &quot;ansible_facts&quot;: {
        &quot;resource_manager_network_resources&quot;: {
            &quot;actionable&quot;: [
                &quot;ospf_interfaces&quot;,
                &quot;ospfv2&quot;,
                &quot;ospfv3&quot;
            ],
            &quot;unsupported&quot;: []
        }
    },
    &quot;changed&quot;: false
}</system-out>
		</testcase>
		<testcase classname="out-of-tree:persist.yaml:16" name="[54.190.208.146] ospf: network.base.resource_manager : Resolve inventory _raw_params=includes/inventory.yaml" time="0.009427785873413086">
			<system-out>{
    &quot;changed&quot;: false,
    &quot;include&quot;: &quot;includes/inventory.yaml&quot;,
    &quot;include_args&quot;: {}
}</system-out>
		</testcase>
		<testcase classname="out-of-tree:persist.yaml:16" name="[include] ospf: network.base.resource_manager : Resolve inventory _raw_params=includes/inventory.yaml" time="0.018044233322143555">
			<system-out>/home/ruchi/workspace/collections/ansible_collections/network/base/roles/resource_manager/includes/inventory.yaml (args={} vars={}): [54.190.208.146]</system-out>
		</testcase>
		<testcase classname="out-of-tree:inventory.yaml:2" name="[54.190.208.146] ospf: network.base.resource_manager : Set default host vars path resource_manager_inventory_directory=." time="0.027006149291992188">
			<skipped>Conditional result was False</skipped>
		</testcase>
		<testcase classname="out-of-tree:inventory.yaml:7" name="[54.190.208.146] ospf: network.base.resource_manager : Set default host vars path resource_manager_inventory_directory={{ data_store['local'] }}" time="0.10310983657836914">
			<system-out>{
    &quot;ansible_facts&quot;: {
        &quot;resource_manager_inventory_directory&quot;: &quot;~/test_backup&quot;
    },
    &quot;changed&quot;: false
}</system-out>
		</testcase>
		<testcase classname="out-of-tree:inventory.yaml:12" name="[54.190.208.146] ospf: network.base.resource_manager : Set default path resource_manager_inventory_path={{ resource_manager_repository['path'] }}" time="0.018335580825805664">
			<skipped>Conditional result was False</skipped>
		</testcase>
		<testcase classname="out-of-tree:inventory.yaml:17" name="[54.190.208.146] ospf: network.base.resource_manager : Set default path resource_manager_inventory_path={{ resource_manager_inventory_directory }}" time="0.09986138343811035">
			<system-out>{
    &quot;ansible_facts&quot;: {
        &quot;resource_manager_inventory_path&quot;: &quot;~/test_backup&quot;
    },
    &quot;changed&quot;: false
}</system-out>
		</testcase>
		<testcase classname="out-of-tree:persist.yaml:19" name="[54.190.208.146] ospf: network.base.resource_manager : Include retrieve tasks _raw_params=includes/retrieve.yaml" time="0.02074742317199707">
			<skipped>Conditional result was False</skipped>
		</testcase>
		<testcase classname="out-of-tree:persist.yaml:23" name="[54.190.208.146] ospf: network.base.resource_manager : Include build tasks _raw_params=includes/build.yaml" time="0.02750086784362793">
			<system-out>{
    &quot;changed&quot;: false,
    &quot;msg&quot;: &quot;All items completed&quot;,
    &quot;results&quot;: [
        {
            &quot;ansible_loop_var&quot;: &quot;res&quot;,
            &quot;include&quot;: &quot;includes/build.yaml&quot;,
            &quot;include_args&quot;: {},
            &quot;res&quot;: &quot;ospf_interfaces&quot;
        },
        {
            &quot;ansible_loop_var&quot;: &quot;res&quot;,
            &quot;include&quot;: &quot;includes/build.yaml&quot;,
            &quot;include_args&quot;: {},
            &quot;res&quot;: &quot;ospfv2&quot;
        },
        {
            &quot;ansible_loop_var&quot;: &quot;res&quot;,
            &quot;include&quot;: &quot;includes/build.yaml&quot;,
            &quot;include_args&quot;: {},
            &quot;res&quot;: &quot;ospfv3&quot;
        }
    ]
}</system-out>
		</testcase>
		<testcase classname="out-of-tree:persist.yaml:23" name="[include] ospf: network.base.resource_manager : Include build tasks _raw_params=includes/build.yaml" time="0.06359219551086426">
			<system-out>/home/ruchi/workspace/collections/ansible_collections/network/base/roles/resource_manager/includes/build.yaml (args={} vars={'res': 'ospf_interfaces', '_ansible_item_label': 'ospf_interfaces'}): [54.190.208.146]
/home/ruchi/workspace/collections/ansible_collections/network/base/roles/resource_manager/includes/build.yaml (args={} vars={'res': 'ospfv2', '_ansible_item_label': 'ospfv2'}): [54.190.208.146]
/home/ruchi/workspace/collections/ansible_collections/network/base/roles/resource_manager/includes/build.yaml (args={} vars={'res': 'ospfv3', '_ansible_item_label': 'ospfv3'}): [54.190.208.146]</system-out>
		</testcase>
		<testcase classname="out-of-tree:build.yaml:2" name="[54.190.208.146] ospf: network.base.resource_manager : Run the platform facts module os_name={{ ansible_network_os }}, name={{ ansible_network_os }}_{{ res }}, state=gathered" time="2.037277936935425">
			<system-out>{
    &quot;ansible_connection&quot;: &quot;ansible.netcommon.network_cli&quot;,
    &quot;ansible_network_os&quot;: &quot;cisco.nxos.nxos&quot;,
    &quot;changed&quot;: false,
    &quot;gathered&quot;: [
        {
            &quot;name&quot;: &quot;Ethernet1/1&quot;
        },
        {
            &quot;name&quot;: &quot;Ethernet1/2&quot;
        },
        {
            &quot;name&quot;: &quot;Ethernet1/3&quot;
        },
        {
            &quot;name&quot;: &quot;Ethernet1/4&quot;
        },
        {
            &quot;name&quot;: &quot;Ethernet1/5&quot;
        },
        {
            &quot;name&quot;: &quot;Ethernet1/6&quot;
        },
        {
            &quot;name&quot;: &quot;Ethernet1/7&quot;
        },
        {
            &quot;name&quot;: &quot;Ethernet1/8&quot;
        },
        {
            &quot;name&quot;: &quot;Ethernet1/9&quot;
        },
        {
            &quot;name&quot;: &quot;Ethernet1/10&quot;
        },
        {
            &quot;name&quot;: &quot;Ethernet1/11&quot;
        },
        {
            &quot;name&quot;: &quot;Ethernet1/12&quot;
        },
        {
            &quot;name&quot;: &quot;Ethernet1/13&quot;
        },
        {
            &quot;name&quot;: &quot;Ethernet1/14&quot;
        },
        {
            &quot;name&quot;: &quot;Ethernet1/15&quot;
        },
        {
            &quot;name&quot;: &quot;Ethernet1/16&quot;
        },
        {
            &quot;name&quot;: &quot;Ethernet1/17&quot;
        },
        {
            &quot;name&quot;: &quot;Ethernet1/18&quot;
        },
        {
            &quot;name&quot;: &quot;Ethernet1/19&quot;
        },
        {
            &quot;name&quot;: &quot;Ethernet1/20&quot;
        },
        {
            &quot;name&quot;: &quot;Ethernet1/21&quot;
        },
        {
            &quot;name&quot;: &quot;Ethernet1/22&quot;
        },
        {
            &quot;name&quot;: &quot;Ethernet1/23&quot;
        },
        {
            &quot;name&quot;: &quot;Ethernet1/24&quot;
        },
        {
            &quot;name&quot;: &quot;Ethernet1/25&quot;
        },
        {
            &quot;name&quot;: &quot;Ethernet1/26&quot;
        },
        {
            &quot;name&quot;: &quot;Ethernet1/27&quot;
        },
        {
            &quot;name&quot;: &quot;Ethernet1/28&quot;
        },
        {
            &quot;name&quot;: &quot;Ethernet1/29&quot;
        },
        {
            &quot;name&quot;: &quot;Ethernet1/30&quot;
        },
        {
            &quot;name&quot;: &quot;Ethernet1/31&quot;
        },
        {
            &quot;name&quot;: &quot;Ethernet1/32&quot;
        },
        {
            &quot;name&quot;: &quot;Ethernet1/33&quot;
        },
        {
            &quot;name&quot;: &quot;Ethernet1/34&quot;
        },
        {
            &quot;name&quot;: &quot;Ethernet1/35&quot;
        },
        {
            &quot;name&quot;: &quot;Ethernet1/36&quot;
        },
        {
            &quot;name&quot;: &quot;Ethernet1/37&quot;
        },
        {
            &quot;name&quot;: &quot;Ethernet1/38&quot;
        },
        {
            &quot;name&quot;: &quot;Ethernet1/39&quot;
        },
        {
            &quot;name&quot;: &quot;Ethernet1/40&quot;
        },
        {
            &quot;name&quot;: &quot;Ethernet1/41&quot;
        },
        {
            &quot;name&quot;: &quot;Ethernet1/42&quot;
        },
        {
            &quot;name&quot;: &quot;Ethernet1/43&quot;
        },
        {
            &quot;name&quot;: &quot;Ethernet1/44&quot;
        },
        {
            &quot;name&quot;: &quot;Ethernet1/45&quot;
        },
        {
            &quot;name&quot;: &quot;Ethernet1/46&quot;
        },
        {
            &quot;name&quot;: &quot;Ethernet1/47&quot;
        },
        {
            &quot;name&quot;: &quot;Ethernet1/48&quot;
        },
        {
            &quot;name&quot;: &quot;Ethernet1/49&quot;
        },
        {
            &quot;name&quot;: &quot;Ethernet1/50&quot;
        },
        {
            &quot;name&quot;: &quot;Ethernet1/51&quot;
        },
        {
            &quot;name&quot;: &quot;Ethernet1/52&quot;
        },
        {
            &quot;name&quot;: &quot;Ethernet1/53&quot;
        },
        {
            &quot;name&quot;: &quot;Ethernet1/54&quot;
        },
        {
            &quot;name&quot;: &quot;Ethernet1/55&quot;
        },
        {
            &quot;name&quot;: &quot;Ethernet1/56&quot;
        },
        {
            &quot;name&quot;: &quot;Ethernet1/57&quot;
        },
        {
            &quot;name&quot;: &quot;Ethernet1/58&quot;
        },
        {
            &quot;name&quot;: &quot;Ethernet1/59&quot;
        },
        {
            &quot;name&quot;: &quot;Ethernet1/60&quot;
        },
        {
            &quot;name&quot;: &quot;Ethernet1/61&quot;
        },
        {
            &quot;name&quot;: &quot;Ethernet1/62&quot;
        },
        {
            &quot;name&quot;: &quot;Ethernet1/63&quot;
        },
        {
            &quot;name&quot;: &quot;Ethernet1/64&quot;
        },
        {
            &quot;name&quot;: &quot;Vlan1&quot;
        },
        {
            &quot;name&quot;: &quot;mgmt0&quot;
        }
    ],
    &quot;invocation&quot;: {
        &quot;module_args&quot;: {
            &quot;config&quot;: null,
            &quot;running_config&quot;: null,
            &quot;state&quot;: &quot;gathered&quot;
        }
    },
    &quot;resource_module_name&quot;: &quot;cisco.nxos.nxos_ospf_interfaces&quot;
}</system-out>
		</testcase>
		<testcase classname="out-of-tree:build.yaml:9" name="[54.190.208.146] ospf: network.base.resource_manager : Resource Facts msg={{ resource_manager_result }}" time="0.010543107986450195">
			<skipped>Conditional result was False</skipped>
		</testcase>
		<testcase classname="out-of-tree:build.yaml:15" name="[54.190.208.146] ospf: network.base.resource_manager : Include file write task _raw_params=includes/write_to_file.yaml" time="0.05270242691040039">
			<skipped>Conditional result was False</skipped>
		</testcase>
		<testcase classname="out-of-tree:build.yaml:23" name="[54.190.208.146] ospf: network.base.resource_manager : Include file write task _raw_params=includes/write_to_file.yaml" time="0.037711381912231445">
			<system-out>{
    &quot;changed&quot;: false,
    &quot;include&quot;: &quot;includes/write_to_file.yaml&quot;,
    &quot;include_args&quot;: {}
}</system-out>
		</testcase>
		<testcase classname="out-of-tree:build.yaml:23" name="[include] ospf: network.base.resource_manager : Include file write task _raw_params=includes/write_to_file.yaml" time="0.043128252029418945">
			<system-out>/home/ruchi/workspace/collections/ansible_collections/network/base/roles/resource_manager/includes/write_to_file.yaml (args={} vars={}): [54.190.208.146]</system-out>
		</testcase>
		<testcase classname="out-of-tree:write_to_file.yaml:2" name="[54.190.208.146] ospf: network.base.resource_manager : Create inventory directory path={{ resource_manager_inventory_path }}/host_vars/{{ inventory_hostname }}, state=directory, mode=0777" time="0.29123568534851074">
			<system-out>{
    &quot;changed&quot;: false,
    &quot;diff&quot;: {
        &quot;after&quot;: {
            &quot;path&quot;: &quot;/home/ruchi/test_backup/host_vars/54.190.208.146&quot;
        },
        &quot;before&quot;: {
            &quot;path&quot;: &quot;/home/ruchi/test_backup/host_vars/54.190.208.146&quot;
        }
    },
    &quot;gid&quot;: 1000,
    &quot;group&quot;: &quot;ruchi&quot;,
    &quot;invocation&quot;: {
        &quot;module_args&quot;: {
            &quot;_diff_peek&quot;: null,
            &quot;_original_basename&quot;: null,
            &quot;access_time&quot;: null,
            &quot;access_time_format&quot;: &quot;%Y%m%d%H%M.%S&quot;,
            &quot;attributes&quot;: null,
            &quot;follow&quot;: true,
            &quot;force&quot;: false,
            &quot;group&quot;: null,
            &quot;mode&quot;: &quot;0777&quot;,
            &quot;modification_time&quot;: null,
            &quot;modification_time_format&quot;: &quot;%Y%m%d%H%M.%S&quot;,
            &quot;owner&quot;: null,
            &quot;path&quot;: &quot;/home/ruchi/test_backup/host_vars/54.190.208.146&quot;,
            &quot;recurse&quot;: false,
            &quot;selevel&quot;: null,
            &quot;serole&quot;: null,
            &quot;setype&quot;: null,
            &quot;seuser&quot;: null,
            &quot;src&quot;: null,
            &quot;state&quot;: &quot;directory&quot;,
            &quot;unsafe_writes&quot;: false
        }
    },
    &quot;mode&quot;: &quot;0777&quot;,
    &quot;owner&quot;: &quot;ruchi&quot;,
    &quot;path&quot;: &quot;/home/ruchi/test_backup/host_vars/54.190.208.146&quot;,
    &quot;secontext&quot;: &quot;unconfined_u:object_r:user_home_t:s0&quot;,
    &quot;size&quot;: 84,
    &quot;state&quot;: &quot;directory&quot;,
    &quot;uid&quot;: 1000
}</system-out>
		</testcase>
		<testcase classname="out-of-tree:write_to_file.yaml:9" name="[54.190.208.146] ospf: network.base.resource_manager : Write each resource to a file content={{ {res: resource_manager_result['gathered']} | to_nice_yaml }}, dest={{ resource_manager_inventory_path }}/host_vars/{{ inventory_hostname }}/{{ res }}.yaml, mode=0777" time="0.5399718284606934">
			<system-out>{
    &quot;changed&quot;: false,
    &quot;checksum&quot;: &quot;b51111cc4baaaa875344e2320c3fe1f233bf42de&quot;,
    &quot;dest&quot;: &quot;/home/ruchi/test_backup/host_vars/54.190.208.146/ospf_interfaces.yaml&quot;,
    &quot;diff&quot;: {
        &quot;after&quot;: {
            &quot;path&quot;: &quot;/home/ruchi/test_backup/host_vars/54.190.208.146/ospf_interfaces.yaml&quot;
        },
        &quot;before&quot;: {
            &quot;path&quot;: &quot;/home/ruchi/test_backup/host_vars/54.190.208.146/ospf_interfaces.yaml&quot;
        }
    },
    &quot;gid&quot;: 1000,
    &quot;group&quot;: &quot;ruchi&quot;,
    &quot;invocation&quot;: {
        &quot;module_args&quot;: {
            &quot;_diff_peek&quot;: null,
            &quot;_original_basename&quot;: &quot;tmpuq1mj1mv&quot;,
            &quot;access_time&quot;: null,
            &quot;access_time_format&quot;: &quot;%Y%m%d%H%M.%S&quot;,
            &quot;attributes&quot;: null,
            &quot;dest&quot;: &quot;/home/ruchi/test_backup/host_vars/54.190.208.146/ospf_interfaces.yaml&quot;,
            &quot;follow&quot;: true,
            &quot;force&quot;: false,
            &quot;group&quot;: null,
            &quot;mode&quot;: &quot;0777&quot;,
            &quot;modification_time&quot;: null,
            &quot;modification_time_format&quot;: &quot;%Y%m%d%H%M.%S&quot;,
            &quot;owner&quot;: null,
            &quot;path&quot;: &quot;/home/ruchi/test_backup/host_vars/54.190.208.146/ospf_interfaces.yaml&quot;,
            &quot;recurse&quot;: false,
            &quot;selevel&quot;: null,
            &quot;serole&quot;: null,
            &quot;setype&quot;: null,
            &quot;seuser&quot;: null,
            &quot;src&quot;: null,
            &quot;state&quot;: &quot;file&quot;,
            &quot;unsafe_writes&quot;: false
        }
    },
    &quot;mode&quot;: &quot;0777&quot;,
    &quot;owner&quot;: &quot;ruchi&quot;,
    &quot;path&quot;: &quot;/home/ruchi/test_backup/host_vars/54.190.208.146/ospf_interfaces.yaml&quot;,
    &quot;secontext&quot;: &quot;unconfined_u:object_r:user_home_t:s0&quot;,
    &quot;size&quot;: 1512,
    &quot;state&quot;: &quot;file&quot;,
    &quot;uid&quot;: 1000
}</system-out>
		</testcase>
		<testcase classname="out-of-tree:build.yaml:2" name="[54.190.208.146] ospf: network.base.resource_manager : Run the platform facts module os_name={{ ansible_network_os }}, name={{ ansible_network_os }}_{{ res }}, state=gathered" time="1.5477981567382812">
			<system-out>{
    &quot;ansible_connection&quot;: &quot;ansible.netcommon.network_cli&quot;,
    &quot;ansible_network_os&quot;: &quot;cisco.nxos.nxos&quot;,
    &quot;changed&quot;: false,
    &quot;gathered&quot;: {},
    &quot;invocation&quot;: {
        &quot;module_args&quot;: {
            &quot;config&quot;: null,
            &quot;running_config&quot;: null,
            &quot;state&quot;: &quot;gathered&quot;
        }
    },
    &quot;resource_module_name&quot;: &quot;cisco.nxos.nxos_ospfv2&quot;
}</system-out>
		</testcase>
		<testcase classname="out-of-tree:build.yaml:9" name="[54.190.208.146] ospf: network.base.resource_manager : Resource Facts msg={{ resource_manager_result }}" time="0.011191844940185547">
			<skipped>Conditional result was False</skipped>
		</testcase>
		<testcase classname="out-of-tree:build.yaml:15" name="[54.190.208.146] ospf: network.base.resource_manager : Include file write task _raw_params=includes/write_to_file.yaml" time="0.060286760330200195">
			<skipped>Conditional result was False</skipped>
		</testcase>
		<testcase classname="out-of-tree:build.yaml:23" name="[54.190.208.146] ospf: network.base.resource_manager : Include file write task _raw_params=includes/write_to_file.yaml" time="0.04292178153991699">
			<system-out>{
    &quot;changed&quot;: false,
    &quot;include&quot;: &quot;includes/write_to_file.yaml&quot;,
    &quot;include_args&quot;: {}
}</system-out>
		</testcase>
		<testcase classname="out-of-tree:build.yaml:23" name="[include] ospf: network.base.resource_manager : Include file write task _raw_params=includes/write_to_file.yaml" time="0.05145430564880371">
			<system-out>/home/ruchi/workspace/collections/ansible_collections/network/base/roles/resource_manager/includes/write_to_file.yaml (args={} vars={}): [54.190.208.146]</system-out>
		</testcase>
		<testcase classname="out-of-tree:write_to_file.yaml:2" name="[54.190.208.146] ospf: network.base.resource_manager : Create inventory directory path={{ resource_manager_inventory_path }}/host_vars/{{ inventory_hostname }}, state=directory, mode=0777" time="0.3080472946166992">
			<system-out>{
    &quot;changed&quot;: false,
    &quot;diff&quot;: {
        &quot;after&quot;: {
            &quot;path&quot;: &quot;/home/ruchi/test_backup/host_vars/54.190.208.146&quot;
        },
        &quot;before&quot;: {
            &quot;path&quot;: &quot;/home/ruchi/test_backup/host_vars/54.190.208.146&quot;
        }
    },
    &quot;gid&quot;: 1000,
    &quot;group&quot;: &quot;ruchi&quot;,
    &quot;invocation&quot;: {
        &quot;module_args&quot;: {
            &quot;_diff_peek&quot;: null,
            &quot;_original_basename&quot;: null,
            &quot;access_time&quot;: null,
            &quot;access_time_format&quot;: &quot;%Y%m%d%H%M.%S&quot;,
            &quot;attributes&quot;: null,
            &quot;follow&quot;: true,
            &quot;force&quot;: false,
            &quot;group&quot;: null,
            &quot;mode&quot;: &quot;0777&quot;,
            &quot;modification_time&quot;: null,
            &quot;modification_time_format&quot;: &quot;%Y%m%d%H%M.%S&quot;,
            &quot;owner&quot;: null,
            &quot;path&quot;: &quot;/home/ruchi/test_backup/host_vars/54.190.208.146&quot;,
            &quot;recurse&quot;: false,
            &quot;selevel&quot;: null,
            &quot;serole&quot;: null,
            &quot;setype&quot;: null,
            &quot;seuser&quot;: null,
            &quot;src&quot;: null,
            &quot;state&quot;: &quot;directory&quot;,
            &quot;unsafe_writes&quot;: false
        }
    },
    &quot;mode&quot;: &quot;0777&quot;,
    &quot;owner&quot;: &quot;ruchi&quot;,
    &quot;path&quot;: &quot;/home/ruchi/test_backup/host_vars/54.190.208.146&quot;,
    &quot;secontext&quot;: &quot;unconfined_u:object_r:user_home_t:s0&quot;,
    &quot;size&quot;: 84,
    &quot;state&quot;: &quot;directory&quot;,
    &quot;uid&quot;: 1000
}</system-out>
		</testcase>
		<testcase classname="out-of-tree:write_to_file.yaml:9" name="[54.190.208.146] ospf: network.base.resource_manager : Write each resource to a file content={{ {res: resource_manager_result['gathered']} | to_nice_yaml }}, dest={{ resource_manager_inventory_path }}/host_vars/{{ inventory_hostname }}/{{ res }}.yaml, mode=0777" time="0.7601475715637207">
			<system-out>{
    &quot;changed&quot;: false,
    &quot;checksum&quot;: &quot;687e4a6bb92edb24522e2c9737f0e513284e2260&quot;,
    &quot;dest&quot;: &quot;/home/ruchi/test_backup/host_vars/54.190.208.146/ospfv2.yaml&quot;,
    &quot;diff&quot;: {
        &quot;after&quot;: {
            &quot;path&quot;: &quot;/home/ruchi/test_backup/host_vars/54.190.208.146/ospfv2.yaml&quot;
        },
        &quot;before&quot;: {
            &quot;path&quot;: &quot;/home/ruchi/test_backup/host_vars/54.190.208.146/ospfv2.yaml&quot;
        }
    },
    &quot;gid&quot;: 1000,
    &quot;group&quot;: &quot;ruchi&quot;,
    &quot;invocation&quot;: {
        &quot;module_args&quot;: {
            &quot;_diff_peek&quot;: null,
            &quot;_original_basename&quot;: &quot;tmp_hjkdny5&quot;,
            &quot;access_time&quot;: null,
            &quot;access_time_format&quot;: &quot;%Y%m%d%H%M.%S&quot;,
            &quot;attributes&quot;: null,
            &quot;dest&quot;: &quot;/home/ruchi/test_backup/host_vars/54.190.208.146/ospfv2.yaml&quot;,
            &quot;follow&quot;: true,
            &quot;force&quot;: false,
            &quot;group&quot;: null,
            &quot;mode&quot;: &quot;0777&quot;,
            &quot;modification_time&quot;: null,
            &quot;modification_time_format&quot;: &quot;%Y%m%d%H%M.%S&quot;,
            &quot;owner&quot;: null,
            &quot;path&quot;: &quot;/home/ruchi/test_backup/host_vars/54.190.208.146/ospfv2.yaml&quot;,
            &quot;recurse&quot;: false,
            &quot;selevel&quot;: null,
            &quot;serole&quot;: null,
            &quot;setype&quot;: null,
            &quot;seuser&quot;: null,
            &quot;src&quot;: null,
            &quot;state&quot;: &quot;file&quot;,
            &quot;unsafe_writes&quot;: false
        }
    },
    &quot;mode&quot;: &quot;0777&quot;,
    &quot;owner&quot;: &quot;ruchi&quot;,
    &quot;path&quot;: &quot;/home/ruchi/test_backup/host_vars/54.190.208.146/ospfv2.yaml&quot;,
    &quot;secontext&quot;: &quot;unconfined_u:object_r:user_home_t:s0&quot;,
    &quot;size&quot;: 11,
    &quot;state&quot;: &quot;file&quot;,
    &quot;uid&quot;: 1000
}</system-out>
		</testcase>
		<testcase classname="out-of-tree:build.yaml:2" name="[54.190.208.146] ospf: network.base.resource_manager : Run the platform facts module os_name={{ ansible_network_os }}, name={{ ansible_network_os }}_{{ res }}, state=gathered" time="1.7045323848724365">
			<system-out>{
    &quot;ansible_connection&quot;: &quot;ansible.netcommon.network_cli&quot;,
    &quot;ansible_network_os&quot;: &quot;cisco.nxos.nxos&quot;,
    &quot;changed&quot;: false,
    &quot;gathered&quot;: {},
    &quot;invocation&quot;: {
        &quot;module_args&quot;: {
            &quot;config&quot;: null,
            &quot;running_config&quot;: null,
            &quot;state&quot;: &quot;gathered&quot;
        }
    },
    &quot;resource_module_name&quot;: &quot;cisco.nxos.nxos_ospfv3&quot;
}</system-out>
		</testcase>
		<testcase classname="out-of-tree:build.yaml:9" name="[54.190.208.146] ospf: network.base.resource_manager : Resource Facts msg={{ resource_manager_result }}" time="0.012380838394165039">
			<skipped>Conditional result was False</skipped>
		</testcase>
		<testcase classname="out-of-tree:build.yaml:15" name="[54.190.208.146] ospf: network.base.resource_manager : Include file write task _raw_params=includes/write_to_file.yaml" time="0.06316161155700684">
			<skipped>Conditional result was False</skipped>
		</testcase>
		<testcase classname="out-of-tree:build.yaml:23" name="[54.190.208.146] ospf: network.base.resource_manager : Include file write task _raw_params=includes/write_to_file.yaml" time="0.05590248107910156">
			<system-out>{
    &quot;changed&quot;: false,
    &quot;include&quot;: &quot;includes/write_to_file.yaml&quot;,
    &quot;include_args&quot;: {}
}</system-out>
		</testcase>
		<testcase classname="out-of-tree:build.yaml:23" name="[include] ospf: network.base.resource_manager : Include file write task _raw_params=includes/write_to_file.yaml" time="0.061676740646362305">
			<system-out>/home/ruchi/workspace/collections/ansible_collections/network/base/roles/resource_manager/includes/write_to_file.yaml (args={} vars={}): [54.190.208.146]</system-out>
		</testcase>
		<testcase classname="out-of-tree:write_to_file.yaml:2" name="[54.190.208.146] ospf: network.base.resource_manager : Create inventory directory path={{ resource_manager_inventory_path }}/host_vars/{{ inventory_hostname }}, state=directory, mode=0777" time="0.27570056915283203">
			<system-out>{
    &quot;changed&quot;: false,
    &quot;diff&quot;: {
        &quot;after&quot;: {
            &quot;path&quot;: &quot;/home/ruchi/test_backup/host_vars/54.190.208.146&quot;
        },
        &quot;before&quot;: {
            &quot;path&quot;: &quot;/home/ruchi/test_backup/host_vars/54.190.208.146&quot;
        }
    },
    &quot;gid&quot;: 1000,
    &quot;group&quot;: &quot;ruchi&quot;,
    &quot;invocation&quot;: {
        &quot;module_args&quot;: {
            &quot;_diff_peek&quot;: null,
            &quot;_original_basename&quot;: null,
            &quot;access_time&quot;: null,
            &quot;access_time_format&quot;: &quot;%Y%m%d%H%M.%S&quot;,
            &quot;attributes&quot;: null,
            &quot;follow&quot;: true,
            &quot;force&quot;: false,
            &quot;group&quot;: null,
            &quot;mode&quot;: &quot;0777&quot;,
            &quot;modification_time&quot;: null,
            &quot;modification_time_format&quot;: &quot;%Y%m%d%H%M.%S&quot;,
            &quot;owner&quot;: null,
            &quot;path&quot;: &quot;/home/ruchi/test_backup/host_vars/54.190.208.146&quot;,
            &quot;recurse&quot;: false,
            &quot;selevel&quot;: null,
            &quot;serole&quot;: null,
            &quot;setype&quot;: null,
            &quot;seuser&quot;: null,
            &quot;src&quot;: null,
            &quot;state&quot;: &quot;directory&quot;,
            &quot;unsafe_writes&quot;: false
        }
    },
    &quot;mode&quot;: &quot;0777&quot;,
    &quot;owner&quot;: &quot;ruchi&quot;,
    &quot;path&quot;: &quot;/home/ruchi/test_backup/host_vars/54.190.208.146&quot;,
    &quot;secontext&quot;: &quot;unconfined_u:object_r:user_home_t:s0&quot;,
    &quot;size&quot;: 84,
    &quot;state&quot;: &quot;directory&quot;,
    &quot;uid&quot;: 1000
}</system-out>
		</testcase>
		<testcase classname="out-of-tree:write_to_file.yaml:9" name="[54.190.208.146] ospf: network.base.resource_manager : Write each resource to a file content={{ {res: resource_manager_result['gathered']} | to_nice_yaml }}, dest={{ resource_manager_inventory_path }}/host_vars/{{ inventory_hostname }}/{{ res }}.yaml, mode=0777" time="0.6757299900054932">
			<system-out>{
    &quot;changed&quot;: false,
    &quot;checksum&quot;: &quot;82a3f78e6d2a8235dbd9b18a836d1c2164c64925&quot;,
    &quot;dest&quot;: &quot;/home/ruchi/test_backup/host_vars/54.190.208.146/ospfv3.yaml&quot;,
    &quot;diff&quot;: {
        &quot;after&quot;: {
            &quot;path&quot;: &quot;/home/ruchi/test_backup/host_vars/54.190.208.146/ospfv3.yaml&quot;
        },
        &quot;before&quot;: {
            &quot;path&quot;: &quot;/home/ruchi/test_backup/host_vars/54.190.208.146/ospfv3.yaml&quot;
        }
    },
    &quot;gid&quot;: 1000,
    &quot;group&quot;: &quot;ruchi&quot;,
    &quot;invocation&quot;: {
        &quot;module_args&quot;: {
            &quot;_diff_peek&quot;: null,
            &quot;_original_basename&quot;: &quot;tmpqqavvtzt&quot;,
            &quot;access_time&quot;: null,
            &quot;access_time_format&quot;: &quot;%Y%m%d%H%M.%S&quot;,
            &quot;attributes&quot;: null,
            &quot;dest&quot;: &quot;/home/ruchi/test_backup/host_vars/54.190.208.146/ospfv3.yaml&quot;,
            &quot;follow&quot;: true,
            &quot;force&quot;: false,
            &quot;group&quot;: null,
            &quot;mode&quot;: &quot;0777&quot;,
            &quot;modification_time&quot;: null,
            &quot;modification_time_format&quot;: &quot;%Y%m%d%H%M.%S&quot;,
            &quot;owner&quot;: null,
            &quot;path&quot;: &quot;/home/ruchi/test_backup/host_vars/54.190.208.146/ospfv3.yaml&quot;,
            &quot;recurse&quot;: false,
            &quot;selevel&quot;: null,
            &quot;serole&quot;: null,
            &quot;setype&quot;: null,
            &quot;seuser&quot;: null,
            &quot;src&quot;: null,
            &quot;state&quot;: &quot;file&quot;,
            &quot;unsafe_writes&quot;: false
        }
    },
    &quot;mode&quot;: &quot;0777&quot;,
    &quot;owner&quot;: &quot;ruchi&quot;,
    &quot;path&quot;: &quot;/home/ruchi/test_backup/host_vars/54.190.208.146/ospfv3.yaml&quot;,
    &quot;secontext&quot;: &quot;unconfined_u:object_r:user_home_t:s0&quot;,
    &quot;size&quot;: 11,
    &quot;state&quot;: &quot;file&quot;,
    &quot;uid&quot;: 1000
}</system-out>
		</testcase>
		<testcase classname="out-of-tree:persist.yaml:29" name="[54.190.208.146] ospf: network.base.resource_manager : Include build tasks _raw_params=includes/remote_publish.yaml" time="0.0383150577545166">
			<skipped>Conditional result was False</skipped>
		</testcase>
		<testcase classname="tests/integration/targets/ospf_persist/tasks/main.yaml:46" name="[54.190.208.146] ospf: ospf_persist : Assert that result that=['ospf_result.changed == false']" time="0.09911203384399414">
			<system-out>{
    &quot;changed&quot;: false,
    &quot;msg&quot;: &quot;All assertions passed&quot;
}</system-out>
		</testcase>
		<testcase classname="tests/integration/targets/ospf_persist/tasks/main.yaml:52" name="[54.190.208.146] ospf: ospf_persist : Reset configuration _raw_params=_cleanup.yaml" time="0.017418384552001953">
			<system-out>{
    &quot;changed&quot;: false,
    &quot;include&quot;: &quot;_cleanup.yaml&quot;,
    &quot;include_args&quot;: {}
}</system-out>
		</testcase>
		<testcase classname="tests/integration/targets/ospf_persist/tasks/main.yaml:52" name="[include] ospf: ospf_persist : Reset configuration _raw_params=_cleanup.yaml" time="0.022382736206054688">
			<system-out>/home/ruchi/workspace/collections/ansible_collections/network/ospf/tests/output/.tmp/integration/ospf_persist-rzzbgshv-ÅÑŚÌβŁÈ/tests/integration/targets/ospf_persist/tasks/_cleanup.yaml (args={} vars={}): [54.190.208.146]</system-out>
		</testcase>
		<testcase classname="tests/integration/targets/ospf_persist/tasks/_cleanup.yaml:2" name="[54.190.208.146] ospf: ospf_persist : Clean persist operation output path=~/test_backup, state=absent" time="1.170912742614746">
			<system-out>{
    &quot;changed&quot;: true,
    &quot;diff&quot;: {
        &quot;after&quot;: {
            &quot;path&quot;: &quot;/home/ruchi/test_backup&quot;,
            &quot;state&quot;: &quot;absent&quot;
        },
        &quot;before&quot;: {
            &quot;path&quot;: &quot;/home/ruchi/test_backup&quot;,
            &quot;path_content&quot;: {
                &quot;directories&quot;: [
                    &quot;/home/ruchi/test_backup/host_vars&quot;,
                    &quot;/home/ruchi/test_backup/host_vars/54.190.208.146&quot;
                ],
                &quot;files&quot;: [
                    &quot;/home/ruchi/test_backup/host_vars/54.190.208.146/ospf_interfaces.yaml&quot;,
                    &quot;/home/ruchi/test_backup/host_vars/54.190.208.146/ospfv2.yaml&quot;,
                    &quot;/home/ruchi/test_backup/host_vars/54.190.208.146/ospfv3.yaml&quot;
                ]
            },
            &quot;state&quot;: &quot;directory&quot;
        }
    },
    &quot;invocation&quot;: {
        &quot;module_args&quot;: {
            &quot;_diff_peek&quot;: null,
            &quot;_original_basename&quot;: null,
            &quot;access_time&quot;: null,
            &quot;access_time_format&quot;: &quot;%Y%m%d%H%M.%S&quot;,
            &quot;attributes&quot;: null,
            &quot;follow&quot;: true,
            &quot;force&quot;: false,
            &quot;group&quot;: null,
            &quot;mode&quot;: null,
            &quot;modification_time&quot;: null,
            &quot;modification_time_format&quot;: &quot;%Y%m%d%H%M.%S&quot;,
            &quot;owner&quot;: null,
            &quot;path&quot;: &quot;/home/ruchi/test_backup&quot;,
            &quot;recurse&quot;: false,
            &quot;selevel&quot;: null,
            &quot;serole&quot;: null,
            &quot;setype&quot;: null,
            &quot;seuser&quot;: null,
            &quot;src&quot;: null,
            &quot;state&quot;: &quot;absent&quot;,
            &quot;unsafe_writes&quot;: false
        }
    },
    &quot;path&quot;: &quot;/home/ruchi/test_backup&quot;,
    &quot;state&quot;: &quot;absent&quot;
}</system-out>
		</testcase>
		<testcase classname="tests/integration/targets/ospf_persist/tasks/main.yaml:55" name="[54.190.208.146] ospf: ospf_persist : Debug msg=END network.ospf persist opeartion integration tests on connection={{ ansible_connection }}" time="0.08366847038269043">
			<system-out>{
    &quot;changed&quot;: false,
    &quot;msg&quot;: &quot;END network.ospf persist opeartion integration tests on connection=ansible.netcommon.network_cli&quot;
}</system-out>
		</testcase>
	</testsuite>
</testsuites>
