<?xml version="1.0" ?>
<testsuites disabled="0" errors="0" failures="0" tests="2" time="0.1194183826446533203125">
	<testsuite disabled="0" errors="0" failures="0" name="ospf_gather-v3trpjnz" skipped="0" tests="2" time="0.1194183826446533203125">
		<testcase classname="tests/integration/targets/ospf_gather/tasks/main.yaml:2" name="[54.190.208.146] ospf: ospf_gather : Debug msg=START network.ospf gather opeartion integration tests on connection={{ ansible_connection }}" time="0.10776424407958984">
			<system-out>{
    &quot;changed&quot;: false,
    &quot;msg&quot;: &quot;START network.ospf gather opeartion integration tests on connection=ansible.netcommon.network_cli&quot;
}</system-out>
		</testcase>
		<testcase classname="tests/integration/targets/ospf_gather/tasks/main.yaml:8" name="[54.190.208.146] ospf: Run network.ospf validated content with gather operation name=network.ospf.run" time="0.011654138565063477">
			<system-out>{
    &quot;changed&quot;: false,
    &quot;include_args&quot;: {
        &quot;name&quot;: &quot;network.ospf.run&quot;
    }
}</system-out>
		</testcase>
	</testsuite>
</testsuites>
