<?xml version="1.0" ?>
<testsuites disabled="0" errors="0" failures="0" tests="24" time="13.8475148677825927734375">
	<testsuite disabled="0" errors="0" failures="0" name="ospf_gather-44yhfnzw" skipped="6" tests="24" time="13.8475148677825927734375">
		<testcase classname="tests/integration/targets/ospf_gather/tasks/main.yaml:2" name="[54.190.208.146] ospf: ospf_gather : Debug msg=START network.ospf gather opeartion integration tests on connection={{ ansible_connection }}" time="0.10671663284301758">
			<system-out>{
    &quot;changed&quot;: false,
    &quot;msg&quot;: &quot;START network.ospf gather opeartion integration tests on connection=ansible.netcommon.network_cli&quot;
}</system-out>
		</testcase>
		<testcase classname="tests/integration/targets/ospf_gather/tasks/main.yaml:8" name="[54.190.208.146] ospf: Run network.ospf validated content with gather operation name=network.ospf.gather" time="0.01060342788696289">
			<system-out>{
    &quot;changed&quot;: false,
    &quot;include_args&quot;: {
        &quot;name&quot;: &quot;network.ospf.gather&quot;
    }
}</system-out>
		</testcase>
		<testcase classname="out-of-tree:main.yaml:2" name="[54.190.208.146] ospf: Invoke gather function name=network.base.resource_manager" time="0.014132022857666016">
			<system-out>{
    &quot;changed&quot;: false,
    &quot;include_args&quot;: {
        &quot;name&quot;: &quot;network.base.resource_manager&quot;
    }
}</system-out>
		</testcase>
		<testcase classname="out-of-tree:main.yaml:2" name="[54.190.208.146] ospf: network.base.resource_manager : Run the platform specific tasks _raw_params=./{{ operation }}.yaml" time="0.025607824325561523">
			<system-out>{
    &quot;changed&quot;: false,
    &quot;msg&quot;: &quot;All items completed&quot;,
    &quot;results&quot;: [
        {
            &quot;ansible_loop_var&quot;: &quot;item&quot;,
            &quot;include&quot;: &quot;./gather.yaml&quot;,
            &quot;include_args&quot;: {},
            &quot;item&quot;: &quot;/home/ruchi/workspace/collections/ansible_collections/network/base/roles/resource_manager/tasks/gather.yaml&quot;
        }
    ]
}</system-out>
		</testcase>
		<testcase classname="out-of-tree:main.yaml:2" name="[include] ospf: network.base.resource_manager : Run the platform specific tasks _raw_params=./{{ operation }}.yaml" time="0.03788352012634277">
			<system-out>/home/ruchi/workspace/collections/ansible_collections/network/base/roles/resource_manager/tasks/./gather.yaml (args={} vars={'item': '/home/ruchi/workspace/collections/ansible_collections/network/base/roles/resource_manager/tasks/gather.yaml', '_ansible_item_label': '/home/ruchi/workspace/collections/ansible_collections/network/base/roles/resource_manager/tasks/gather.yaml'}): [54.190.208.146]</system-out>
		</testcase>
		<testcase classname="out-of-tree:gather.yaml:2" name="[54.190.208.146] ospf: network.base.resource_manager : Gather the supported resource modules os_name={{ ansible_network_os }}" time="1.62886381149292">
			<system-out>{
    &quot;ansible_connection&quot;: &quot;ansible.netcommon.network_cli&quot;,
    &quot;ansible_network_os&quot;: &quot;cisco.nxos.nxos&quot;,
    &quot;changed&quot;: false,
    &quot;modules&quot;: [
        &quot;acl_interfaces&quot;,
        &quot;acls&quot;,
        &quot;bfd_interfaces&quot;,
        &quot;bgp_address_family&quot;,
        &quot;bgp_global&quot;,
        &quot;bgp_neighbor_address_family&quot;,
        &quot;bgp_templates&quot;,
        &quot;fc_interfaces&quot;,
        &quot;hostname&quot;,
        &quot;hsrp_interfaces&quot;,
        &quot;interfaces&quot;,
        &quot;l2_interfaces&quot;,
        &quot;l3_interfaces&quot;,
        &quot;lacp&quot;,
        &quot;lacp_interfaces&quot;,
        &quot;lag_interfaces&quot;,
        &quot;lldp_global&quot;,
        &quot;lldp_interfaces&quot;,
        &quot;logging_global&quot;,
        &quot;ntp_global&quot;,
        &quot;ospf_interfaces&quot;,
        &quot;ospfv2&quot;,
        &quot;ospfv3&quot;,
        &quot;prefix_lists&quot;,
        &quot;route_maps&quot;,
        &quot;snmp_server&quot;,
        &quot;static_routes&quot;,
        &quot;telemetry&quot;,
        &quot;vlans&quot;,
        &quot;vrf_global&quot;,
        &quot;vrf_interfaces&quot;
    ]
}</system-out>
		</testcase>
		<testcase classname="out-of-tree:gather.yaml:7" name="[54.190.208.146] ospf: network.base.resource_manager : Set Resources resource_manager_resources={{ resource_manager_network_resources_list['modules'] }}" time="0.1260075569152832">
			<system-out>{
    &quot;ansible_facts&quot;: {
        &quot;resource_manager_resources&quot;: [
            &quot;acl_interfaces&quot;,
            &quot;acls&quot;,
            &quot;bfd_interfaces&quot;,
            &quot;bgp_address_family&quot;,
            &quot;bgp_global&quot;,
            &quot;bgp_neighbor_address_family&quot;,
            &quot;bgp_templates&quot;,
            &quot;fc_interfaces&quot;,
            &quot;hostname&quot;,
            &quot;hsrp_interfaces&quot;,
            &quot;interfaces&quot;,
            &quot;l2_interfaces&quot;,
            &quot;l3_interfaces&quot;,
            &quot;lacp&quot;,
            &quot;lacp_interfaces&quot;,
            &quot;lag_interfaces&quot;,
            &quot;lldp_global&quot;,
            &quot;lldp_interfaces&quot;,
            &quot;logging_global&quot;,
            &quot;ntp_global&quot;,
            &quot;ospf_interfaces&quot;,
            &quot;ospfv2&quot;,
            &quot;ospfv3&quot;,
            &quot;prefix_lists&quot;,
            &quot;route_maps&quot;,
            &quot;snmp_server&quot;,
            &quot;static_routes&quot;,
            &quot;telemetry&quot;,
            &quot;vlans&quot;,
            &quot;vrf_global&quot;,
            &quot;vrf_interfaces&quot;
        ]
    },
    &quot;changed&quot;: false
}</system-out>
		</testcase>
		<testcase classname="out-of-tree:gather.yaml:12" name="[54.190.208.146] ospf: network.base.resource_manager : Set network resources resource_manager_network_resources={{ resource_manager_network_resources_list['modules'] | ansible.utils.param_list_compare(resources) }}" time="0.19749879837036133">
			<system-out>{
    &quot;ansible_facts&quot;: {
        &quot;resource_manager_network_resources&quot;: {
            &quot;actionable&quot;: [
                &quot;ospf_interfaces&quot;,
                &quot;ospfv2&quot;,
                &quot;ospfv3&quot;
            ],
            &quot;unsupported&quot;: []
        }
    },
    &quot;changed&quot;: false
}</system-out>
		</testcase>
		<testcase classname="out-of-tree:gather.yaml:16" name="[54.190.208.146] ospf: network.base.resource_manager : Include build tasks _raw_params=includes/build.yaml" time="0.02625751495361328">
			<system-out>{
    &quot;changed&quot;: false,
    &quot;msg&quot;: &quot;All items completed&quot;,
    &quot;results&quot;: [
        {
            &quot;ansible_loop_var&quot;: &quot;res&quot;,
            &quot;include&quot;: &quot;includes/build.yaml&quot;,
            &quot;include_args&quot;: {},
            &quot;res&quot;: &quot;ospf_interfaces&quot;
        },
        {
            &quot;ansible_loop_var&quot;: &quot;res&quot;,
            &quot;include&quot;: &quot;includes/build.yaml&quot;,
            &quot;include_args&quot;: {},
            &quot;res&quot;: &quot;ospfv2&quot;
        },
        {
            &quot;ansible_loop_var&quot;: &quot;res&quot;,
            &quot;include&quot;: &quot;includes/build.yaml&quot;,
            &quot;include_args&quot;: {},
            &quot;res&quot;: &quot;ospfv3&quot;
        }
    ]
}</system-out>
		</testcase>
		<testcase classname="out-of-tree:gather.yaml:16" name="[include] ospf: network.base.resource_manager : Include build tasks _raw_params=includes/build.yaml" time="0.06188488006591797">
			<system-out>/home/ruchi/workspace/collections/ansible_collections/network/base/roles/resource_manager/includes/build.yaml (args={} vars={'res': 'ospf_interfaces', '_ansible_item_label': 'ospf_interfaces'}): [54.190.208.146]
/home/ruchi/workspace/collections/ansible_collections/network/base/roles/resource_manager/includes/build.yaml (args={} vars={'res': 'ospfv2', '_ansible_item_label': 'ospfv2'}): [54.190.208.146]
/home/ruchi/workspace/collections/ansible_collections/network/base/roles/resource_manager/includes/build.yaml (args={} vars={'res': 'ospfv3', '_ansible_item_label': 'ospfv3'}): [54.190.208.146]</system-out>
		</testcase>
		<testcase classname="out-of-tree:build.yaml:2" name="[54.190.208.146] ospf: network.base.resource_manager : Run the platform facts module os_name={{ ansible_network_os }}, name={{ ansible_network_os }}_{{ res }}, state=gathered" time="7.649472951889038">
			<system-out>{
    &quot;ansible_connection&quot;: &quot;ansible.netcommon.network_cli&quot;,
    &quot;ansible_network_os&quot;: &quot;cisco.nxos.nxos&quot;,
    &quot;changed&quot;: false,
    &quot;gathered&quot;: [
        {
            &quot;name&quot;: &quot;Ethernet1/1&quot;
        },
        {
            &quot;name&quot;: &quot;Ethernet1/2&quot;
        },
        {
            &quot;name&quot;: &quot;Ethernet1/3&quot;
        },
        {
            &quot;name&quot;: &quot;Ethernet1/4&quot;
        },
        {
            &quot;name&quot;: &quot;Ethernet1/5&quot;
        },
        {
            &quot;name&quot;: &quot;Ethernet1/6&quot;
        },
        {
            &quot;name&quot;: &quot;Ethernet1/7&quot;
        },
        {
            &quot;name&quot;: &quot;Ethernet1/8&quot;
        },
        {
            &quot;name&quot;: &quot;Ethernet1/9&quot;
        },
        {
            &quot;name&quot;: &quot;Ethernet1/10&quot;
        },
        {
            &quot;name&quot;: &quot;Ethernet1/11&quot;
        },
        {
            &quot;name&quot;: &quot;Ethernet1/12&quot;
        },
        {
            &quot;name&quot;: &quot;Ethernet1/13&quot;
        },
        {
            &quot;name&quot;: &quot;Ethernet1/14&quot;
        },
        {
            &quot;name&quot;: &quot;Ethernet1/15&quot;
        },
        {
            &quot;name&quot;: &quot;Ethernet1/16&quot;
        },
        {
            &quot;name&quot;: &quot;Ethernet1/17&quot;
        },
        {
            &quot;name&quot;: &quot;Ethernet1/18&quot;
        },
        {
            &quot;name&quot;: &quot;Ethernet1/19&quot;
        },
        {
            &quot;name&quot;: &quot;Ethernet1/20&quot;
        },
        {
            &quot;name&quot;: &quot;Ethernet1/21&quot;
        },
        {
            &quot;name&quot;: &quot;Ethernet1/22&quot;
        },
        {
            &quot;name&quot;: &quot;Ethernet1/23&quot;
        },
        {
            &quot;name&quot;: &quot;Ethernet1/24&quot;
        },
        {
            &quot;name&quot;: &quot;Ethernet1/25&quot;
        },
        {
            &quot;name&quot;: &quot;Ethernet1/26&quot;
        },
        {
            &quot;name&quot;: &quot;Ethernet1/27&quot;
        },
        {
            &quot;name&quot;: &quot;Ethernet1/28&quot;
        },
        {
            &quot;name&quot;: &quot;Ethernet1/29&quot;
        },
        {
            &quot;name&quot;: &quot;Ethernet1/30&quot;
        },
        {
            &quot;name&quot;: &quot;Ethernet1/31&quot;
        },
        {
            &quot;name&quot;: &quot;Ethernet1/32&quot;
        },
        {
            &quot;name&quot;: &quot;Ethernet1/33&quot;
        },
        {
            &quot;name&quot;: &quot;Ethernet1/34&quot;
        },
        {
            &quot;name&quot;: &quot;Ethernet1/35&quot;
        },
        {
            &quot;name&quot;: &quot;Ethernet1/36&quot;
        },
        {
            &quot;name&quot;: &quot;Ethernet1/37&quot;
        },
        {
            &quot;name&quot;: &quot;Ethernet1/38&quot;
        },
        {
            &quot;name&quot;: &quot;Ethernet1/39&quot;
        },
        {
            &quot;name&quot;: &quot;Ethernet1/40&quot;
        },
        {
            &quot;name&quot;: &quot;Ethernet1/41&quot;
        },
        {
            &quot;name&quot;: &quot;Ethernet1/42&quot;
        },
        {
            &quot;name&quot;: &quot;Ethernet1/43&quot;
        },
        {
            &quot;name&quot;: &quot;Ethernet1/44&quot;
        },
        {
            &quot;name&quot;: &quot;Ethernet1/45&quot;
        },
        {
            &quot;name&quot;: &quot;Ethernet1/46&quot;
        },
        {
            &quot;name&quot;: &quot;Ethernet1/47&quot;
        },
        {
            &quot;name&quot;: &quot;Ethernet1/48&quot;
        },
        {
            &quot;name&quot;: &quot;Ethernet1/49&quot;
        },
        {
            &quot;name&quot;: &quot;Ethernet1/50&quot;
        },
        {
            &quot;name&quot;: &quot;Ethernet1/51&quot;
        },
        {
            &quot;name&quot;: &quot;Ethernet1/52&quot;
        },
        {
            &quot;name&quot;: &quot;Ethernet1/53&quot;
        },
        {
            &quot;name&quot;: &quot;Ethernet1/54&quot;
        },
        {
            &quot;name&quot;: &quot;Ethernet1/55&quot;
        },
        {
            &quot;name&quot;: &quot;Ethernet1/56&quot;
        },
        {
            &quot;name&quot;: &quot;Ethernet1/57&quot;
        },
        {
            &quot;name&quot;: &quot;Ethernet1/58&quot;
        },
        {
            &quot;name&quot;: &quot;Ethernet1/59&quot;
        },
        {
            &quot;name&quot;: &quot;Ethernet1/60&quot;
        },
        {
            &quot;name&quot;: &quot;Ethernet1/61&quot;
        },
        {
            &quot;name&quot;: &quot;Ethernet1/62&quot;
        },
        {
            &quot;name&quot;: &quot;Ethernet1/63&quot;
        },
        {
            &quot;name&quot;: &quot;Ethernet1/64&quot;
        },
        {
            &quot;name&quot;: &quot;Vlan1&quot;
        },
        {
            &quot;name&quot;: &quot;mgmt0&quot;
        }
    ],
    &quot;invocation&quot;: {
        &quot;module_args&quot;: {
            &quot;config&quot;: null,
            &quot;running_config&quot;: null,
            &quot;state&quot;: &quot;gathered&quot;
        }
    },
    &quot;resource_module_name&quot;: &quot;cisco.nxos.nxos_ospf_interfaces&quot;
}</system-out>
		</testcase>
		<testcase classname="out-of-tree:build.yaml:9" name="[54.190.208.146] ospf: network.base.resource_manager : Resource Facts msg={{ resource_manager_result }}" time="0.13129687309265137">
			<system-out>{
    &quot;changed&quot;: false,
    &quot;msg&quot;: {
        &quot;ansible_connection&quot;: &quot;ansible.netcommon.network_cli&quot;,
        &quot;ansible_network_os&quot;: &quot;cisco.nxos.nxos&quot;,
        &quot;changed&quot;: false,
        &quot;failed&quot;: false,
        &quot;gathered&quot;: [
            {
                &quot;name&quot;: &quot;Ethernet1/1&quot;
            },
            {
                &quot;name&quot;: &quot;Ethernet1/2&quot;
            },
            {
                &quot;name&quot;: &quot;Ethernet1/3&quot;
            },
            {
                &quot;name&quot;: &quot;Ethernet1/4&quot;
            },
            {
                &quot;name&quot;: &quot;Ethernet1/5&quot;
            },
            {
                &quot;name&quot;: &quot;Ethernet1/6&quot;
            },
            {
                &quot;name&quot;: &quot;Ethernet1/7&quot;
            },
            {
                &quot;name&quot;: &quot;Ethernet1/8&quot;
            },
            {
                &quot;name&quot;: &quot;Ethernet1/9&quot;
            },
            {
                &quot;name&quot;: &quot;Ethernet1/10&quot;
            },
            {
                &quot;name&quot;: &quot;Ethernet1/11&quot;
            },
            {
                &quot;name&quot;: &quot;Ethernet1/12&quot;
            },
            {
                &quot;name&quot;: &quot;Ethernet1/13&quot;
            },
            {
                &quot;name&quot;: &quot;Ethernet1/14&quot;
            },
            {
                &quot;name&quot;: &quot;Ethernet1/15&quot;
            },
            {
                &quot;name&quot;: &quot;Ethernet1/16&quot;
            },
            {
                &quot;name&quot;: &quot;Ethernet1/17&quot;
            },
            {
                &quot;name&quot;: &quot;Ethernet1/18&quot;
            },
            {
                &quot;name&quot;: &quot;Ethernet1/19&quot;
            },
            {
                &quot;name&quot;: &quot;Ethernet1/20&quot;
            },
            {
                &quot;name&quot;: &quot;Ethernet1/21&quot;
            },
            {
                &quot;name&quot;: &quot;Ethernet1/22&quot;
            },
            {
                &quot;name&quot;: &quot;Ethernet1/23&quot;
            },
            {
                &quot;name&quot;: &quot;Ethernet1/24&quot;
            },
            {
                &quot;name&quot;: &quot;Ethernet1/25&quot;
            },
            {
                &quot;name&quot;: &quot;Ethernet1/26&quot;
            },
            {
                &quot;name&quot;: &quot;Ethernet1/27&quot;
            },
            {
                &quot;name&quot;: &quot;Ethernet1/28&quot;
            },
            {
                &quot;name&quot;: &quot;Ethernet1/29&quot;
            },
            {
                &quot;name&quot;: &quot;Ethernet1/30&quot;
            },
            {
                &quot;name&quot;: &quot;Ethernet1/31&quot;
            },
            {
                &quot;name&quot;: &quot;Ethernet1/32&quot;
            },
            {
                &quot;name&quot;: &quot;Ethernet1/33&quot;
            },
            {
                &quot;name&quot;: &quot;Ethernet1/34&quot;
            },
            {
                &quot;name&quot;: &quot;Ethernet1/35&quot;
            },
            {
                &quot;name&quot;: &quot;Ethernet1/36&quot;
            },
            {
                &quot;name&quot;: &quot;Ethernet1/37&quot;
            },
            {
                &quot;name&quot;: &quot;Ethernet1/38&quot;
            },
            {
                &quot;name&quot;: &quot;Ethernet1/39&quot;
            },
            {
                &quot;name&quot;: &quot;Ethernet1/40&quot;
            },
            {
                &quot;name&quot;: &quot;Ethernet1/41&quot;
            },
            {
                &quot;name&quot;: &quot;Ethernet1/42&quot;
            },
            {
                &quot;name&quot;: &quot;Ethernet1/43&quot;
            },
            {
                &quot;name&quot;: &quot;Ethernet1/44&quot;
            },
            {
                &quot;name&quot;: &quot;Ethernet1/45&quot;
            },
            {
                &quot;name&quot;: &quot;Ethernet1/46&quot;
            },
            {
                &quot;name&quot;: &quot;Ethernet1/47&quot;
            },
            {
                &quot;name&quot;: &quot;Ethernet1/48&quot;
            },
            {
                &quot;name&quot;: &quot;Ethernet1/49&quot;
            },
            {
                &quot;name&quot;: &quot;Ethernet1/50&quot;
            },
            {
                &quot;name&quot;: &quot;Ethernet1/51&quot;
            },
            {
                &quot;name&quot;: &quot;Ethernet1/52&quot;
            },
            {
                &quot;name&quot;: &quot;Ethernet1/53&quot;
            },
            {
                &quot;name&quot;: &quot;Ethernet1/54&quot;
            },
            {
                &quot;name&quot;: &quot;Ethernet1/55&quot;
            },
            {
                &quot;name&quot;: &quot;Ethernet1/56&quot;
            },
            {
                &quot;name&quot;: &quot;Ethernet1/57&quot;
            },
            {
                &quot;name&quot;: &quot;Ethernet1/58&quot;
            },
            {
                &quot;name&quot;: &quot;Ethernet1/59&quot;
            },
            {
                &quot;name&quot;: &quot;Ethernet1/60&quot;
            },
            {
                &quot;name&quot;: &quot;Ethernet1/61&quot;
            },
            {
                &quot;name&quot;: &quot;Ethernet1/62&quot;
            },
            {
                &quot;name&quot;: &quot;Ethernet1/63&quot;
            },
            {
                &quot;name&quot;: &quot;Ethernet1/64&quot;
            },
            {
                &quot;name&quot;: &quot;Vlan1&quot;
            },
            {
                &quot;name&quot;: &quot;mgmt0&quot;
            }
        ],
        &quot;resource_module_name&quot;: &quot;cisco.nxos.nxos_ospf_interfaces&quot;
    }
}</system-out>
		</testcase>
		<testcase classname="out-of-tree:build.yaml:15" name="[54.190.208.146] ospf: network.base.resource_manager : Include file write task _raw_params=includes/write_to_file.yaml" time="0.022019147872924805">
			<skipped>Conditional result was False</skipped>
		</testcase>
		<testcase classname="out-of-tree:build.yaml:23" name="[54.190.208.146] ospf: network.base.resource_manager : Include file write task _raw_params=includes/write_to_file.yaml" time="0.03579139709472656">
			<skipped>Conditional result was False</skipped>
		</testcase>
		<testcase classname="out-of-tree:build.yaml:2" name="[54.190.208.146] ospf: network.base.resource_manager : Run the platform facts module os_name={{ ansible_network_os }}, name={{ ansible_network_os }}_{{ res }}, state=gathered" time="1.805445671081543">
			<system-out>{
    &quot;ansible_connection&quot;: &quot;ansible.netcommon.network_cli&quot;,
    &quot;ansible_network_os&quot;: &quot;cisco.nxos.nxos&quot;,
    &quot;changed&quot;: false,
    &quot;gathered&quot;: {},
    &quot;invocation&quot;: {
        &quot;module_args&quot;: {
            &quot;config&quot;: null,
            &quot;running_config&quot;: null,
            &quot;state&quot;: &quot;gathered&quot;
        }
    },
    &quot;resource_module_name&quot;: &quot;cisco.nxos.nxos_ospfv2&quot;
}</system-out>
		</testcase>
		<testcase classname="out-of-tree:build.yaml:9" name="[54.190.208.146] ospf: network.base.resource_manager : Resource Facts msg={{ resource_manager_result }}" time="0.07662057876586914">
			<system-out>{
    &quot;changed&quot;: false,
    &quot;msg&quot;: {
        &quot;ansible_connection&quot;: &quot;ansible.netcommon.network_cli&quot;,
        &quot;ansible_network_os&quot;: &quot;cisco.nxos.nxos&quot;,
        &quot;changed&quot;: false,
        &quot;failed&quot;: false,
        &quot;gathered&quot;: {},
        &quot;resource_module_name&quot;: &quot;cisco.nxos.nxos_ospfv2&quot;
    }
}</system-out>
		</testcase>
		<testcase classname="out-of-tree:build.yaml:15" name="[54.190.208.146] ospf: network.base.resource_manager : Include file write task _raw_params=includes/write_to_file.yaml" time="0.01042938232421875">
			<skipped>Conditional result was False</skipped>
		</testcase>
		<testcase classname="out-of-tree:build.yaml:23" name="[54.190.208.146] ospf: network.base.resource_manager : Include file write task _raw_params=includes/write_to_file.yaml" time="0.015887022018432617">
			<skipped>Conditional result was False</skipped>
		</testcase>
		<testcase classname="out-of-tree:build.yaml:2" name="[54.190.208.146] ospf: network.base.resource_manager : Run the platform facts module os_name={{ ansible_network_os }}, name={{ ansible_network_os }}_{{ res }}, state=gathered" time="1.560652732849121">
			<system-out>{
    &quot;ansible_connection&quot;: &quot;ansible.netcommon.network_cli&quot;,
    &quot;ansible_network_os&quot;: &quot;cisco.nxos.nxos&quot;,
    &quot;changed&quot;: false,
    &quot;gathered&quot;: {},
    &quot;invocation&quot;: {
        &quot;module_args&quot;: {
            &quot;config&quot;: null,
            &quot;running_config&quot;: null,
            &quot;state&quot;: &quot;gathered&quot;
        }
    },
    &quot;resource_module_name&quot;: &quot;cisco.nxos.nxos_ospfv3&quot;
}</system-out>
		</testcase>
		<testcase classname="out-of-tree:build.yaml:9" name="[54.190.208.146] ospf: network.base.resource_manager : Resource Facts msg={{ resource_manager_result }}" time="0.08382058143615723">
			<system-out>{
    &quot;changed&quot;: false,
    &quot;msg&quot;: {
        &quot;ansible_connection&quot;: &quot;ansible.netcommon.network_cli&quot;,
        &quot;ansible_network_os&quot;: &quot;cisco.nxos.nxos&quot;,
        &quot;changed&quot;: false,
        &quot;failed&quot;: false,
        &quot;gathered&quot;: {},
        &quot;resource_module_name&quot;: &quot;cisco.nxos.nxos_ospfv3&quot;
    }
}</system-out>
		</testcase>
		<testcase classname="out-of-tree:build.yaml:15" name="[54.190.208.146] ospf: network.base.resource_manager : Include file write task _raw_params=includes/write_to_file.yaml" time="0.018660306930541992">
			<skipped>Conditional result was False</skipped>
		</testcase>
		<testcase classname="out-of-tree:build.yaml:23" name="[54.190.208.146] ospf: network.base.resource_manager : Include file write task _raw_params=includes/write_to_file.yaml" time="0.029092788696289062">
			<skipped>Conditional result was False</skipped>
		</testcase>
		<testcase classname="tests/integration/targets/ospf_gather/tasks/main.yaml:16" name="[54.190.208.146] ospf: ospf_gather : Assert that gather result that=['ospf_result.changed == false']" time="0.0930490493774414">
			<system-out>{
    &quot;changed&quot;: false,
    &quot;msg&quot;: &quot;All assertions passed&quot;
}</system-out>
		</testcase>
		<testcase classname="tests/integration/targets/ospf_gather/tasks/main.yaml:21" name="[54.190.208.146] ospf: ospf_gather : Debug msg=END network.ospf gahter opeartion integration tests on connection={{ ansible_connection }}" time="0.07982039451599121">
			<system-out>{
    &quot;changed&quot;: false,
    &quot;msg&quot;: &quot;END network.ospf gahter opeartion integration tests on connection=ansible.netcommon.network_cli&quot;
}</system-out>
		</testcase>
	</testsuite>
</testsuites>
